versions pytest-5.4.2, py-1.8.1, python-3.7.5.final.0
cwd=/home/n0npax/workspace/sidecar_http_dispatcher
args=('--debug', '.')

  pytest_cmdline_main [hook]
      config: <_pytest.config.Config object at 0x7f71b557ded0>
    pytest_plugin_registered [hook]
        plugin: <Session sidecar_http_dispatcher exitstatus=None testsfailed=0 testscollected=0>
        manager: <_pytest.config.PytestPluginManager object at 0x7f71b61d0890>
    finish pytest_plugin_registered --> [] [hook]
    pytest_configure [hook]
        config: <_pytest.config.Config object at 0x7f71b557ded0>
      pytest_metadata [hook]
          metadata: {'Python': '3.7.5', 'Platform': 'Linux-5.3.0-51-generic-x86_64-with-Ubuntu-19.10-eoan', 'Packages': {'pytest': '5.4.2', 'py': '1.8.1', 'pluggy': '0.13.1'}, 'Plugins': {'asyncio': '0.12.0', 'xdist': '1.32.0', 'html': '2.0.1', 'cov': '2.8.1', 'metadata': '1.8.0', 'mock': '2.0.0', 'requests-mock': '1.7.0', 'forked': '1.1.3'}}
      finish pytest_metadata --> [] [hook]
      pytest_plugin_registered [hook]
          plugin: <_pytest.cacheprovider.LFPlugin object at 0x7f71b53de510>
          manager: <_pytest.config.PytestPluginManager object at 0x7f71b61d0890>
      finish pytest_plugin_registered --> [] [hook]
      pytest_plugin_registered [hook]
          plugin: <_pytest.cacheprovider.NFPlugin object at 0x7f71b53b5f10>
          manager: <_pytest.config.PytestPluginManager object at 0x7f71b61d0890>
      finish pytest_plugin_registered --> [] [hook]
    early skip of rewriting module: unittest [assertion]
    early skip of rewriting module: unittest.result [assertion]
    early skip of rewriting module: unittest.util [assertion]
    early skip of rewriting module: unittest.case [assertion]
    early skip of rewriting module: difflib [assertion]
    early skip of rewriting module: unittest.suite [assertion]
    early skip of rewriting module: unittest.loader [assertion]
    early skip of rewriting module: unittest.main [assertion]
    early skip of rewriting module: unittest.runner [assertion]
    early skip of rewriting module: unittest.signals [assertion]
    early skip of rewriting module: unittest.mock [assertion]
    early skip of rewriting module: faulthandler [assertion]
      pytest_configure [hook]
          config: <_pytest.config.Config object at 0x7f71b557ded0>
      finish pytest_configure --> [] [hook]
      pytest_plugin_registered [hook]
          plugin: <_pytest.faulthandler.FaultHandlerHooks object at 0x7f71b45f69d0>
          manager: <_pytest.config.PytestPluginManager object at 0x7f71b61d0890>
      finish pytest_plugin_registered --> [] [hook]
      pytest_plugin_registered [hook]
          plugin: <_pytest.stepwise.StepwisePlugin object at 0x7f71b45f62d0>
          manager: <_pytest.config.PytestPluginManager object at 0x7f71b61d0890>
      finish pytest_plugin_registered --> [] [hook]
    early skip of rewriting module: pdb [assertion]
    early skip of rewriting module: cmd [assertion]
    early skip of rewriting module: code [assertion]
    early skip of rewriting module: codeop [assertion]
      pytest_plugin_registered [hook]
          plugin: <_pytest.config.PytestPluginManager object at 0x7f71b61d0890>
          manager: <_pytest.config.PytestPluginManager object at 0x7f71b61d0890>
      finish pytest_plugin_registered --> [] [hook]
      pytest_plugin_registered [hook]
          plugin: <_pytest.config.Config object at 0x7f71b557ded0>
          manager: <_pytest.config.PytestPluginManager object at 0x7f71b61d0890>
      finish pytest_plugin_registered --> [] [hook]
      pytest_plugin_registered [hook]
          plugin: <module '_pytest.mark' from '/home/n0npax/.local/lib/python3.7/site-packages/_pytest/mark/__init__.py'>
          manager: <_pytest.config.PytestPluginManager object at 0x7f71b61d0890>
      finish pytest_plugin_registered --> [] [hook]
      pytest_plugin_registered [hook]
          plugin: <module '_pytest.main' from '/home/n0npax/.local/lib/python3.7/site-packages/_pytest/main.py'>
          manager: <_pytest.config.PytestPluginManager object at 0x7f71b61d0890>
      finish pytest_plugin_registered --> [] [hook]
      pytest_plugin_registered [hook]
          plugin: <module '_pytest.runner' from '/home/n0npax/.local/lib/python3.7/site-packages/_pytest/runner.py'>
          manager: <_pytest.config.PytestPluginManager object at 0x7f71b61d0890>
      finish pytest_plugin_registered --> [] [hook]
      pytest_plugin_registered [hook]
          plugin: <module '_pytest.fixtures' from '/home/n0npax/.local/lib/python3.7/site-packages/_pytest/fixtures.py'>
          manager: <_pytest.config.PytestPluginManager object at 0x7f71b61d0890>
      finish pytest_plugin_registered --> [] [hook]
      pytest_plugin_registered [hook]
          plugin: <module '_pytest.helpconfig' from '/home/n0npax/.local/lib/python3.7/site-packages/_pytest/helpconfig.py'>
          manager: <_pytest.config.PytestPluginManager object at 0x7f71b61d0890>
      finish pytest_plugin_registered --> [] [hook]
      pytest_plugin_registered [hook]
          plugin: <module '_pytest.python' from '/home/n0npax/.local/lib/python3.7/site-packages/_pytest/python.py'>
          manager: <_pytest.config.PytestPluginManager object at 0x7f71b61d0890>
      finish pytest_plugin_registered --> [] [hook]
      pytest_plugin_registered [hook]
          plugin: <module '_pytest.terminal' from '/home/n0npax/.local/lib/python3.7/site-packages/_pytest/terminal.py'>
          manager: <_pytest.config.PytestPluginManager object at 0x7f71b61d0890>
      finish pytest_plugin_registered --> [] [hook]
      pytest_plugin_registered [hook]
          plugin: <module '_pytest.debugging' from '/home/n0npax/.local/lib/python3.7/site-packages/_pytest/debugging.py'>
          manager: <_pytest.config.PytestPluginManager object at 0x7f71b61d0890>
      finish pytest_plugin_registered --> [] [hook]
      pytest_plugin_registered [hook]
          plugin: <module '_pytest.unittest' from '/home/n0npax/.local/lib/python3.7/site-packages/_pytest/unittest.py'>
          manager: <_pytest.config.PytestPluginManager object at 0x7f71b61d0890>
      finish pytest_plugin_registered --> [] [hook]
      pytest_plugin_registered [hook]
          plugin: <module '_pytest.capture' from '/home/n0npax/.local/lib/python3.7/site-packages/_pytest/capture.py'>
          manager: <_pytest.config.PytestPluginManager object at 0x7f71b61d0890>
      finish pytest_plugin_registered --> [] [hook]
      pytest_plugin_registered [hook]
          plugin: <module '_pytest.skipping' from '/home/n0npax/.local/lib/python3.7/site-packages/_pytest/skipping.py'>
          manager: <_pytest.config.PytestPluginManager object at 0x7f71b61d0890>
      finish pytest_plugin_registered --> [] [hook]
      pytest_plugin_registered [hook]
          plugin: <module '_pytest.tmpdir' from '/home/n0npax/.local/lib/python3.7/site-packages/_pytest/tmpdir.py'>
          manager: <_pytest.config.PytestPluginManager object at 0x7f71b61d0890>
      finish pytest_plugin_registered --> [] [hook]
      pytest_plugin_registered [hook]
          plugin: <module '_pytest.monkeypatch' from '/home/n0npax/.local/lib/python3.7/site-packages/_pytest/monkeypatch.py'>
          manager: <_pytest.config.PytestPluginManager object at 0x7f71b61d0890>
      finish pytest_plugin_registered --> [] [hook]
      pytest_plugin_registered [hook]
          plugin: <module '_pytest.recwarn' from '/home/n0npax/.local/lib/python3.7/site-packages/_pytest/recwarn.py'>
          manager: <_pytest.config.PytestPluginManager object at 0x7f71b61d0890>
      finish pytest_plugin_registered --> [] [hook]
      pytest_plugin_registered [hook]
          plugin: <module '_pytest.pastebin' from '/home/n0npax/.local/lib/python3.7/site-packages/_pytest/pastebin.py'>
          manager: <_pytest.config.PytestPluginManager object at 0x7f71b61d0890>
      finish pytest_plugin_registered --> [] [hook]
      pytest_plugin_registered [hook]
          plugin: <module '_pytest.nose' from '/home/n0npax/.local/lib/python3.7/site-packages/_pytest/nose.py'>
          manager: <_pytest.config.PytestPluginManager object at 0x7f71b61d0890>
      finish pytest_plugin_registered --> [] [hook]
      pytest_plugin_registered [hook]
          plugin: <module '_pytest.assertion' from '/home/n0npax/.local/lib/python3.7/site-packages/_pytest/assertion/__init__.py'>
          manager: <_pytest.config.PytestPluginManager object at 0x7f71b61d0890>
      finish pytest_plugin_registered --> [] [hook]
      pytest_plugin_registered [hook]
          plugin: <module '_pytest.junitxml' from '/home/n0npax/.local/lib/python3.7/site-packages/_pytest/junitxml.py'>
          manager: <_pytest.config.PytestPluginManager object at 0x7f71b61d0890>
      finish pytest_plugin_registered --> [] [hook]
      pytest_plugin_registered [hook]
          plugin: <module '_pytest.resultlog' from '/home/n0npax/.local/lib/python3.7/site-packages/_pytest/resultlog.py'>
          manager: <_pytest.config.PytestPluginManager object at 0x7f71b61d0890>
      finish pytest_plugin_registered --> [] [hook]
      pytest_plugin_registered [hook]
          plugin: <module '_pytest.doctest' from '/home/n0npax/.local/lib/python3.7/site-packages/_pytest/doctest.py'>
          manager: <_pytest.config.PytestPluginManager object at 0x7f71b61d0890>
      finish pytest_plugin_registered --> [] [hook]
      pytest_plugin_registered [hook]
          plugin: <module '_pytest.cacheprovider' from '/home/n0npax/.local/lib/python3.7/site-packages/_pytest/cacheprovider.py'>
          manager: <_pytest.config.PytestPluginManager object at 0x7f71b61d0890>
      finish pytest_plugin_registered --> [] [hook]
      pytest_plugin_registered [hook]
          plugin: <module '_pytest.freeze_support' from '/home/n0npax/.local/lib/python3.7/site-packages/_pytest/freeze_support.py'>
          manager: <_pytest.config.PytestPluginManager object at 0x7f71b61d0890>
      finish pytest_plugin_registered --> [] [hook]
      pytest_plugin_registered [hook]
          plugin: <module '_pytest.setuponly' from '/home/n0npax/.local/lib/python3.7/site-packages/_pytest/setuponly.py'>
          manager: <_pytest.config.PytestPluginManager object at 0x7f71b61d0890>
      finish pytest_plugin_registered --> [] [hook]
      pytest_plugin_registered [hook]
          plugin: <module '_pytest.setupplan' from '/home/n0npax/.local/lib/python3.7/site-packages/_pytest/setupplan.py'>
          manager: <_pytest.config.PytestPluginManager object at 0x7f71b61d0890>
      finish pytest_plugin_registered --> [] [hook]
      pytest_plugin_registered [hook]
          plugin: <module '_pytest.stepwise' from '/home/n0npax/.local/lib/python3.7/site-packages/_pytest/stepwise.py'>
          manager: <_pytest.config.PytestPluginManager object at 0x7f71b61d0890>
      finish pytest_plugin_registered --> [] [hook]
      pytest_plugin_registered [hook]
          plugin: <module '_pytest.warnings' from '/home/n0npax/.local/lib/python3.7/site-packages/_pytest/warnings.py'>
          manager: <_pytest.config.PytestPluginManager object at 0x7f71b61d0890>
      finish pytest_plugin_registered --> [] [hook]
      pytest_plugin_registered [hook]
          plugin: <module '_pytest.logging' from '/home/n0npax/.local/lib/python3.7/site-packages/_pytest/logging.py'>
          manager: <_pytest.config.PytestPluginManager object at 0x7f71b61d0890>
      finish pytest_plugin_registered --> [] [hook]
      pytest_plugin_registered [hook]
          plugin: <module '_pytest.reports' from '/home/n0npax/.local/lib/python3.7/site-packages/_pytest/reports.py'>
          manager: <_pytest.config.PytestPluginManager object at 0x7f71b61d0890>
      finish pytest_plugin_registered --> [] [hook]
      pytest_plugin_registered [hook]
          plugin: <module '_pytest.faulthandler' from '/home/n0npax/.local/lib/python3.7/site-packages/_pytest/faulthandler.py'>
          manager: <_pytest.config.PytestPluginManager object at 0x7f71b61d0890>
      finish pytest_plugin_registered --> [] [hook]
      pytest_plugin_registered [hook]
          plugin: <module 'pytest_asyncio.plugin' from '/home/n0npax/.local/lib/python3.7/site-packages/pytest_asyncio/plugin.py'>
          manager: <_pytest.config.PytestPluginManager object at 0x7f71b61d0890>
      finish pytest_plugin_registered --> [] [hook]
      pytest_plugin_registered [hook]
          plugin: <module 'xdist.plugin' from '/home/n0npax/.local/lib/python3.7/site-packages/xdist/plugin.py'>
          manager: <_pytest.config.PytestPluginManager object at 0x7f71b61d0890>
      finish pytest_plugin_registered --> [] [hook]
      pytest_plugin_registered [hook]
          plugin: <module 'xdist.looponfail' from '/home/n0npax/.local/lib/python3.7/site-packages/xdist/looponfail.py'>
          manager: <_pytest.config.PytestPluginManager object at 0x7f71b61d0890>
      finish pytest_plugin_registered --> [] [hook]
      pytest_plugin_registered [hook]
          plugin: <module 'pytest_html.plugin' from '/home/n0npax/.local/lib/python3.7/site-packages/pytest_html/plugin.py'>
          manager: <_pytest.config.PytestPluginManager object at 0x7f71b61d0890>
      finish pytest_plugin_registered --> [] [hook]
      pytest_plugin_registered [hook]
          plugin: <module 'pytest_cov.plugin' from '/home/n0npax/.local/lib/python3.7/site-packages/pytest_cov/plugin.py'>
          manager: <_pytest.config.PytestPluginManager object at 0x7f71b61d0890>
      finish pytest_plugin_registered --> [] [hook]
      pytest_plugin_registered [hook]
          plugin: <module 'pytest_metadata.plugin' from '/home/n0npax/.local/lib/python3.7/site-packages/pytest_metadata/plugin.py'>
          manager: <_pytest.config.PytestPluginManager object at 0x7f71b61d0890>
      finish pytest_plugin_registered --> [] [hook]
      pytest_plugin_registered [hook]
          plugin: <module 'pytest_mock' from '/home/n0npax/.local/lib/python3.7/site-packages/pytest_mock/__init__.py'>
          manager: <_pytest.config.PytestPluginManager object at 0x7f71b61d0890>
      finish pytest_plugin_registered --> [] [hook]
      pytest_plugin_registered [hook]
          plugin: <module 'requests_mock.contrib._pytest_plugin' from '/home/n0npax/.local/lib/python3.7/site-packages/requests_mock/contrib/_pytest_plugin.py'>
          manager: <_pytest.config.PytestPluginManager object at 0x7f71b61d0890>
      finish pytest_plugin_registered --> [] [hook]
      pytest_plugin_registered [hook]
          plugin: <module 'pytest_forked' from '/home/n0npax/.local/lib/python3.7/site-packages/pytest_forked/__init__.py'>
          manager: <_pytest.config.PytestPluginManager object at 0x7f71b61d0890>
      finish pytest_plugin_registered --> [] [hook]
      pytest_plugin_registered [hook]
          plugin: <CaptureManager _method='fd' _global_capturing=<MultiCapture out=<FDCapture 1 oldfd=7 _state='suspended' tmpfile=<_pytest.capture.EncodedFile object at 0x7f71b464e4d0>> err=<FDCapture 2 oldfd=8 _state='suspended' tmpfile=<_pytest.capture.EncodedFile object at 0x7f71b4657d10>> in_=<FDCapture 0 oldfd=3 _state='started' tmpfile=<_io.TextIOWrapper name='/dev/null' mode='r' encoding='UTF-8'>> _state='suspended' _in_suspended=False> _capture_fixture=None>
          manager: <_pytest.config.PytestPluginManager object at 0x7f71b61d0890>
      finish pytest_plugin_registered --> [] [hook]
      pytest_plugin_registered [hook]
          plugin: <Session sidecar_http_dispatcher exitstatus=<ExitCode.OK: 0> testsfailed=0 testscollected=0>
          manager: <_pytest.config.PytestPluginManager object at 0x7f71b61d0890>
      finish pytest_plugin_registered --> [] [hook]
      pytest_plugin_registered [hook]
          plugin: <_pytest.cacheprovider.LFPlugin object at 0x7f71b53de510>
          manager: <_pytest.config.PytestPluginManager object at 0x7f71b61d0890>
      finish pytest_plugin_registered --> [] [hook]
      pytest_plugin_registered [hook]
          plugin: <_pytest.cacheprovider.NFPlugin object at 0x7f71b53b5f10>
          manager: <_pytest.config.PytestPluginManager object at 0x7f71b61d0890>
      finish pytest_plugin_registered --> [] [hook]
      pytest_plugin_registered [hook]
          plugin: <_pytest.faulthandler.FaultHandlerHooks object at 0x7f71b45f69d0>
          manager: <_pytest.config.PytestPluginManager object at 0x7f71b61d0890>
      finish pytest_plugin_registered --> [] [hook]
      pytest_plugin_registered [hook]
          plugin: <_pytest.stepwise.StepwisePlugin object at 0x7f71b45f62d0>
          manager: <_pytest.config.PytestPluginManager object at 0x7f71b61d0890>
      finish pytest_plugin_registered --> [] [hook]
      pytest_plugin_registered [hook]
          plugin: <_pytest.terminal.TerminalReporter object at 0x7f71b4583e50>
          manager: <_pytest.config.PytestPluginManager object at 0x7f71b61d0890>
      finish pytest_plugin_registered --> [] [hook]
      pytest_plugin_registered [hook]
          plugin: <_pytest.logging.LoggingPlugin object at 0x7f71b4583e90>
          manager: <_pytest.config.PytestPluginManager object at 0x7f71b61d0890>
      finish pytest_plugin_registered --> [] [hook]
    finish pytest_configure --> [] [hook]
    pytest_sessionstart [hook]
        session: <Session sidecar_http_dispatcher exitstatus=<ExitCode.OK: 0> testsfailed=0 testscollected=0>
      pytest_plugin_registered [hook]
          plugin: <_pytest.config.PytestPluginManager object at 0x7f71b61d0890>
          manager: <_pytest.config.PytestPluginManager object at 0x7f71b61d0890>
      finish pytest_plugin_registered --> [] [hook]
      pytest_plugin_registered [hook]
          plugin: <_pytest.config.Config object at 0x7f71b557ded0>
          manager: <_pytest.config.PytestPluginManager object at 0x7f71b61d0890>
      finish pytest_plugin_registered --> [] [hook]
      pytest_plugin_registered [hook]
          plugin: <module '_pytest.mark' from '/home/n0npax/.local/lib/python3.7/site-packages/_pytest/mark/__init__.py'>
          manager: <_pytest.config.PytestPluginManager object at 0x7f71b61d0890>
      finish pytest_plugin_registered --> [] [hook]
      pytest_plugin_registered [hook]
          plugin: <module '_pytest.main' from '/home/n0npax/.local/lib/python3.7/site-packages/_pytest/main.py'>
          manager: <_pytest.config.PytestPluginManager object at 0x7f71b61d0890>
      finish pytest_plugin_registered --> [] [hook]
      pytest_plugin_registered [hook]
          plugin: <module '_pytest.runner' from '/home/n0npax/.local/lib/python3.7/site-packages/_pytest/runner.py'>
          manager: <_pytest.config.PytestPluginManager object at 0x7f71b61d0890>
      finish pytest_plugin_registered --> [] [hook]
      pytest_plugin_registered [hook]
          plugin: <module '_pytest.fixtures' from '/home/n0npax/.local/lib/python3.7/site-packages/_pytest/fixtures.py'>
          manager: <_pytest.config.PytestPluginManager object at 0x7f71b61d0890>
      finish pytest_plugin_registered --> [] [hook]
      pytest_plugin_registered [hook]
          plugin: <module '_pytest.helpconfig' from '/home/n0npax/.local/lib/python3.7/site-packages/_pytest/helpconfig.py'>
          manager: <_pytest.config.PytestPluginManager object at 0x7f71b61d0890>
      finish pytest_plugin_registered --> [] [hook]
      pytest_plugin_registered [hook]
          plugin: <module '_pytest.python' from '/home/n0npax/.local/lib/python3.7/site-packages/_pytest/python.py'>
          manager: <_pytest.config.PytestPluginManager object at 0x7f71b61d0890>
      finish pytest_plugin_registered --> [] [hook]
      pytest_plugin_registered [hook]
          plugin: <module '_pytest.terminal' from '/home/n0npax/.local/lib/python3.7/site-packages/_pytest/terminal.py'>
          manager: <_pytest.config.PytestPluginManager object at 0x7f71b61d0890>
      finish pytest_plugin_registered --> [] [hook]
      pytest_plugin_registered [hook]
          plugin: <module '_pytest.debugging' from '/home/n0npax/.local/lib/python3.7/site-packages/_pytest/debugging.py'>
          manager: <_pytest.config.PytestPluginManager object at 0x7f71b61d0890>
      finish pytest_plugin_registered --> [] [hook]
      pytest_plugin_registered [hook]
          plugin: <module '_pytest.unittest' from '/home/n0npax/.local/lib/python3.7/site-packages/_pytest/unittest.py'>
          manager: <_pytest.config.PytestPluginManager object at 0x7f71b61d0890>
      finish pytest_plugin_registered --> [] [hook]
      pytest_plugin_registered [hook]
          plugin: <module '_pytest.capture' from '/home/n0npax/.local/lib/python3.7/site-packages/_pytest/capture.py'>
          manager: <_pytest.config.PytestPluginManager object at 0x7f71b61d0890>
      finish pytest_plugin_registered --> [] [hook]
      pytest_plugin_registered [hook]
          plugin: <module '_pytest.skipping' from '/home/n0npax/.local/lib/python3.7/site-packages/_pytest/skipping.py'>
          manager: <_pytest.config.PytestPluginManager object at 0x7f71b61d0890>
      finish pytest_plugin_registered --> [] [hook]
      pytest_plugin_registered [hook]
          plugin: <module '_pytest.tmpdir' from '/home/n0npax/.local/lib/python3.7/site-packages/_pytest/tmpdir.py'>
          manager: <_pytest.config.PytestPluginManager object at 0x7f71b61d0890>
      finish pytest_plugin_registered --> [] [hook]
      pytest_plugin_registered [hook]
          plugin: <module '_pytest.monkeypatch' from '/home/n0npax/.local/lib/python3.7/site-packages/_pytest/monkeypatch.py'>
          manager: <_pytest.config.PytestPluginManager object at 0x7f71b61d0890>
      finish pytest_plugin_registered --> [] [hook]
      pytest_plugin_registered [hook]
          plugin: <module '_pytest.recwarn' from '/home/n0npax/.local/lib/python3.7/site-packages/_pytest/recwarn.py'>
          manager: <_pytest.config.PytestPluginManager object at 0x7f71b61d0890>
      finish pytest_plugin_registered --> [] [hook]
      pytest_plugin_registered [hook]
          plugin: <module '_pytest.pastebin' from '/home/n0npax/.local/lib/python3.7/site-packages/_pytest/pastebin.py'>
          manager: <_pytest.config.PytestPluginManager object at 0x7f71b61d0890>
      finish pytest_plugin_registered --> [] [hook]
      pytest_plugin_registered [hook]
          plugin: <module '_pytest.nose' from '/home/n0npax/.local/lib/python3.7/site-packages/_pytest/nose.py'>
          manager: <_pytest.config.PytestPluginManager object at 0x7f71b61d0890>
      finish pytest_plugin_registered --> [] [hook]
      pytest_plugin_registered [hook]
          plugin: <module '_pytest.assertion' from '/home/n0npax/.local/lib/python3.7/site-packages/_pytest/assertion/__init__.py'>
          manager: <_pytest.config.PytestPluginManager object at 0x7f71b61d0890>
      finish pytest_plugin_registered --> [] [hook]
      pytest_plugin_registered [hook]
          plugin: <module '_pytest.junitxml' from '/home/n0npax/.local/lib/python3.7/site-packages/_pytest/junitxml.py'>
          manager: <_pytest.config.PytestPluginManager object at 0x7f71b61d0890>
      finish pytest_plugin_registered --> [] [hook]
      pytest_plugin_registered [hook]
          plugin: <module '_pytest.resultlog' from '/home/n0npax/.local/lib/python3.7/site-packages/_pytest/resultlog.py'>
          manager: <_pytest.config.PytestPluginManager object at 0x7f71b61d0890>
      finish pytest_plugin_registered --> [] [hook]
      pytest_plugin_registered [hook]
          plugin: <module '_pytest.doctest' from '/home/n0npax/.local/lib/python3.7/site-packages/_pytest/doctest.py'>
          manager: <_pytest.config.PytestPluginManager object at 0x7f71b61d0890>
      finish pytest_plugin_registered --> [] [hook]
      pytest_plugin_registered [hook]
          plugin: <module '_pytest.cacheprovider' from '/home/n0npax/.local/lib/python3.7/site-packages/_pytest/cacheprovider.py'>
          manager: <_pytest.config.PytestPluginManager object at 0x7f71b61d0890>
      finish pytest_plugin_registered --> [] [hook]
      pytest_plugin_registered [hook]
          plugin: <module '_pytest.freeze_support' from '/home/n0npax/.local/lib/python3.7/site-packages/_pytest/freeze_support.py'>
          manager: <_pytest.config.PytestPluginManager object at 0x7f71b61d0890>
      finish pytest_plugin_registered --> [] [hook]
      pytest_plugin_registered [hook]
          plugin: <module '_pytest.setuponly' from '/home/n0npax/.local/lib/python3.7/site-packages/_pytest/setuponly.py'>
          manager: <_pytest.config.PytestPluginManager object at 0x7f71b61d0890>
      finish pytest_plugin_registered --> [] [hook]
      pytest_plugin_registered [hook]
          plugin: <module '_pytest.setupplan' from '/home/n0npax/.local/lib/python3.7/site-packages/_pytest/setupplan.py'>
          manager: <_pytest.config.PytestPluginManager object at 0x7f71b61d0890>
      finish pytest_plugin_registered --> [] [hook]
      pytest_plugin_registered [hook]
          plugin: <module '_pytest.stepwise' from '/home/n0npax/.local/lib/python3.7/site-packages/_pytest/stepwise.py'>
          manager: <_pytest.config.PytestPluginManager object at 0x7f71b61d0890>
      finish pytest_plugin_registered --> [] [hook]
      pytest_plugin_registered [hook]
          plugin: <module '_pytest.warnings' from '/home/n0npax/.local/lib/python3.7/site-packages/_pytest/warnings.py'>
          manager: <_pytest.config.PytestPluginManager object at 0x7f71b61d0890>
      finish pytest_plugin_registered --> [] [hook]
      pytest_plugin_registered [hook]
          plugin: <module '_pytest.logging' from '/home/n0npax/.local/lib/python3.7/site-packages/_pytest/logging.py'>
          manager: <_pytest.config.PytestPluginManager object at 0x7f71b61d0890>
      finish pytest_plugin_registered --> [] [hook]
      pytest_plugin_registered [hook]
          plugin: <module '_pytest.reports' from '/home/n0npax/.local/lib/python3.7/site-packages/_pytest/reports.py'>
          manager: <_pytest.config.PytestPluginManager object at 0x7f71b61d0890>
      finish pytest_plugin_registered --> [] [hook]
      pytest_plugin_registered [hook]
          plugin: <module '_pytest.faulthandler' from '/home/n0npax/.local/lib/python3.7/site-packages/_pytest/faulthandler.py'>
          manager: <_pytest.config.PytestPluginManager object at 0x7f71b61d0890>
      finish pytest_plugin_registered --> [] [hook]
      pytest_plugin_registered [hook]
          plugin: <module 'pytest_asyncio.plugin' from '/home/n0npax/.local/lib/python3.7/site-packages/pytest_asyncio/plugin.py'>
          manager: <_pytest.config.PytestPluginManager object at 0x7f71b61d0890>
      finish pytest_plugin_registered --> [] [hook]
      pytest_plugin_registered [hook]
          plugin: <module 'xdist.plugin' from '/home/n0npax/.local/lib/python3.7/site-packages/xdist/plugin.py'>
          manager: <_pytest.config.PytestPluginManager object at 0x7f71b61d0890>
      finish pytest_plugin_registered --> [] [hook]
      pytest_plugin_registered [hook]
          plugin: <module 'xdist.looponfail' from '/home/n0npax/.local/lib/python3.7/site-packages/xdist/looponfail.py'>
          manager: <_pytest.config.PytestPluginManager object at 0x7f71b61d0890>
      finish pytest_plugin_registered --> [] [hook]
      pytest_plugin_registered [hook]
          plugin: <module 'pytest_html.plugin' from '/home/n0npax/.local/lib/python3.7/site-packages/pytest_html/plugin.py'>
          manager: <_pytest.config.PytestPluginManager object at 0x7f71b61d0890>
      finish pytest_plugin_registered --> [] [hook]
      pytest_plugin_registered [hook]
          plugin: <module 'pytest_cov.plugin' from '/home/n0npax/.local/lib/python3.7/site-packages/pytest_cov/plugin.py'>
          manager: <_pytest.config.PytestPluginManager object at 0x7f71b61d0890>
      finish pytest_plugin_registered --> [] [hook]
      pytest_plugin_registered [hook]
          plugin: <module 'pytest_metadata.plugin' from '/home/n0npax/.local/lib/python3.7/site-packages/pytest_metadata/plugin.py'>
          manager: <_pytest.config.PytestPluginManager object at 0x7f71b61d0890>
      finish pytest_plugin_registered --> [] [hook]
      pytest_plugin_registered [hook]
          plugin: <module 'pytest_mock' from '/home/n0npax/.local/lib/python3.7/site-packages/pytest_mock/__init__.py'>
          manager: <_pytest.config.PytestPluginManager object at 0x7f71b61d0890>
      finish pytest_plugin_registered --> [] [hook]
      pytest_plugin_registered [hook]
          plugin: <module 'requests_mock.contrib._pytest_plugin' from '/home/n0npax/.local/lib/python3.7/site-packages/requests_mock/contrib/_pytest_plugin.py'>
          manager: <_pytest.config.PytestPluginManager object at 0x7f71b61d0890>
      finish pytest_plugin_registered --> [] [hook]
      pytest_plugin_registered [hook]
          plugin: <module 'pytest_forked' from '/home/n0npax/.local/lib/python3.7/site-packages/pytest_forked/__init__.py'>
          manager: <_pytest.config.PytestPluginManager object at 0x7f71b61d0890>
      finish pytest_plugin_registered --> [] [hook]
      pytest_plugin_registered [hook]
          plugin: <CaptureManager _method='fd' _global_capturing=<MultiCapture out=<FDCapture 1 oldfd=7 _state='suspended' tmpfile=<_pytest.capture.EncodedFile object at 0x7f71b464e4d0>> err=<FDCapture 2 oldfd=8 _state='suspended' tmpfile=<_pytest.capture.EncodedFile object at 0x7f71b4657d10>> in_=<FDCapture 0 oldfd=3 _state='started' tmpfile=<_io.TextIOWrapper name='/dev/null' mode='r' encoding='UTF-8'>> _state='suspended' _in_suspended=False> _capture_fixture=None>
          manager: <_pytest.config.PytestPluginManager object at 0x7f71b61d0890>
      finish pytest_plugin_registered --> [] [hook]
      pytest_plugin_registered [hook]
          plugin: <Session sidecar_http_dispatcher exitstatus=<ExitCode.OK: 0> testsfailed=0 testscollected=0>
          manager: <_pytest.config.PytestPluginManager object at 0x7f71b61d0890>
      finish pytest_plugin_registered --> [] [hook]
      pytest_plugin_registered [hook]
          plugin: <_pytest.cacheprovider.LFPlugin object at 0x7f71b53de510>
          manager: <_pytest.config.PytestPluginManager object at 0x7f71b61d0890>
      finish pytest_plugin_registered --> [] [hook]
      pytest_plugin_registered [hook]
          plugin: <_pytest.cacheprovider.NFPlugin object at 0x7f71b53b5f10>
          manager: <_pytest.config.PytestPluginManager object at 0x7f71b61d0890>
      finish pytest_plugin_registered --> [] [hook]
      pytest_plugin_registered [hook]
          plugin: <_pytest.faulthandler.FaultHandlerHooks object at 0x7f71b45f69d0>
          manager: <_pytest.config.PytestPluginManager object at 0x7f71b61d0890>
      finish pytest_plugin_registered --> [] [hook]
      pytest_plugin_registered [hook]
          plugin: <_pytest.stepwise.StepwisePlugin object at 0x7f71b45f62d0>
          manager: <_pytest.config.PytestPluginManager object at 0x7f71b61d0890>
      finish pytest_plugin_registered --> [] [hook]
      pytest_plugin_registered [hook]
          plugin: <_pytest.terminal.TerminalReporter object at 0x7f71b4583e50>
          manager: <_pytest.config.PytestPluginManager object at 0x7f71b61d0890>
      finish pytest_plugin_registered --> [] [hook]
      pytest_plugin_registered [hook]
          plugin: <_pytest.logging.LoggingPlugin object at 0x7f71b4583e90>
          manager: <_pytest.config.PytestPluginManager object at 0x7f71b61d0890>
      finish pytest_plugin_registered --> [] [hook]
      pytest_plugin_registered [hook]
          plugin: <_pytest.fixtures.FixtureManager object at 0x7f71b453f810>
          manager: <_pytest.config.PytestPluginManager object at 0x7f71b61d0890>
      finish pytest_plugin_registered --> [] [hook]
      pytest_report_header [hook]
          config: <_pytest.config.Config object at 0x7f71b557ded0>
          startdir: /home/n0npax/workspace/sidecar_http_dispatcher
      finish pytest_report_header --> [['rootdir: /home/n0npax/workspace/sidecar_http_dispatcher', 'plugins: asyncio-0.12.0, xdist-1.32.0, html-2.0.1, cov-2.8.1, metadata-1.8.0, mock-2.0.0, requests-mock-1.7.0, forked-1.1.3'], ['using: pytest-5.4.2 pylib-1.8.1', 'setuptools registered plugins:', '  pytest-asyncio-0.12.0 at /home/n0npax/.local/lib/python3.7/site-packages/pytest_asyncio/plugin.py', '  pytest-xdist-1.32.0 at /home/n0npax/.local/lib/python3.7/site-packages/xdist/plugin.py', '  pytest-xdist-1.32.0 at /home/n0npax/.local/lib/python3.7/site-packages/xdist/looponfail.py', '  pytest-html-2.0.1 at /home/n0npax/.local/lib/python3.7/site-packages/pytest_html/plugin.py', '  pytest-cov-2.8.1 at /home/n0npax/.local/lib/python3.7/site-packages/pytest_cov/plugin.py', '  pytest-metadata-1.8.0 at /home/n0npax/.local/lib/python3.7/site-packages/pytest_metadata/plugin.py', '  pytest-mock-2.0.0 at /home/n0npax/.local/lib/python3.7/site-packages/pytest_mock/__init__.py', '  requests-mock-1.7.0 at /home/n0npax/.local/lib/python3.7/site-packages/requests_mock/contrib/_pytest_plugin.py', '  pytest-forked-1.1.3 at /home/n0npax/.local/lib/python3.7/site-packages/pytest_forked/__init__.py']] [hook]
    finish pytest_sessionstart --> [] [hook]
    pytest_collection [hook]
        session: <Session sidecar_http_dispatcher exitstatus=<ExitCode.OK: 0> testsfailed=0 testscollected=0>
    perform_collect <Session sidecar_http_dispatcher exitstatus=<ExitCode.OK: 0> testsfailed=0 testscollected=0> ['.'] [collection]
        pytest_collectstart [hook]
            collector: <Session sidecar_http_dispatcher exitstatus=<ExitCode.OK: 0> testsfailed=0 testscollected=0>
        finish pytest_collectstart --> [] [hook]
        pytest_make_collect_report [hook]
            collector: <Session sidecar_http_dispatcher exitstatus=<ExitCode.OK: 0> testsfailed=0 testscollected=0>
        processing argument (local('/home/n0npax/workspace/sidecar_http_dispatcher'), []) [collection]
            pytest_ignore_collect [hook]
                path: /home/n0npax/workspace/sidecar_http_dispatcher/.vscode
                config: <_pytest.config.Config object at 0x7f71b557ded0>
            finish pytest_ignore_collect --> None [hook]
          early skip of rewriting module: py._code [assertion]
          early skip of rewriting module: py._code.code [assertion]
          early skip of rewriting module: repr [assertion]
            pytest_ignore_collect [hook]
                path: /home/n0npax/workspace/sidecar_http_dispatcher/img
                config: <_pytest.config.Config object at 0x7f71b557ded0>
            finish pytest_ignore_collect --> None [hook]
            pytest_collect_directory [hook]
                path: /home/n0npax/workspace/sidecar_http_dispatcher/img
                parent: <Session sidecar_http_dispatcher exitstatus=<ExitCode.OK: 0> testsfailed=0 testscollected=0>
            finish pytest_collect_directory --> None [hook]
            pytest_ignore_collect [hook]
                path: /home/n0npax/workspace/sidecar_http_dispatcher/sidecar_http_dispatcher
                config: <_pytest.config.Config object at 0x7f71b557ded0>
            finish pytest_ignore_collect --> None [hook]
            pytest_collect_directory [hook]
                path: /home/n0npax/workspace/sidecar_http_dispatcher/sidecar_http_dispatcher
                parent: <Session sidecar_http_dispatcher exitstatus=<ExitCode.OK: 0> testsfailed=0 testscollected=0>
            finish pytest_collect_directory --> None [hook]
            pytest_ignore_collect [hook]
                path: /home/n0npax/workspace/sidecar_http_dispatcher/example
                config: <_pytest.config.Config object at 0x7f71b557ded0>
            finish pytest_ignore_collect --> None [hook]
            pytest_collect_directory [hook]
                path: /home/n0npax/workspace/sidecar_http_dispatcher/example
                parent: <Session sidecar_http_dispatcher exitstatus=<ExitCode.OK: 0> testsfailed=0 testscollected=0>
            finish pytest_collect_directory --> None [hook]
            pytest_ignore_collect [hook]
                path: /home/n0npax/workspace/sidecar_http_dispatcher/.pytest_cache
                config: <_pytest.config.Config object at 0x7f71b557ded0>
            finish pytest_ignore_collect --> None [hook]
            pytest_ignore_collect [hook]
                path: /home/n0npax/workspace/sidecar_http_dispatcher/.git
                config: <_pytest.config.Config object at 0x7f71b557ded0>
            finish pytest_ignore_collect --> None [hook]
            pytest_ignore_collect [hook]
                path: /home/n0npax/workspace/sidecar_http_dispatcher/.github
                config: <_pytest.config.Config object at 0x7f71b557ded0>
            finish pytest_ignore_collect --> None [hook]
            pytest_ignore_collect [hook]
                path: /home/n0npax/workspace/sidecar_http_dispatcher/.codecov_token
                config: <_pytest.config.Config object at 0x7f71b557ded0>
            finish pytest_ignore_collect --> None [hook]
            pytest_collect_file [hook]
                path: /home/n0npax/workspace/sidecar_http_dispatcher/.codecov_token
                parent: <Session sidecar_http_dispatcher exitstatus=<ExitCode.OK: 0> testsfailed=0 testscollected=0>
            finish pytest_collect_file --> [] [hook]
            pytest_ignore_collect [hook]
                path: /home/n0npax/workspace/sidecar_http_dispatcher/.dockerignore
                config: <_pytest.config.Config object at 0x7f71b557ded0>
            finish pytest_ignore_collect --> None [hook]
            pytest_collect_file [hook]
                path: /home/n0npax/workspace/sidecar_http_dispatcher/.dockerignore
                parent: <Session sidecar_http_dispatcher exitstatus=<ExitCode.OK: 0> testsfailed=0 testscollected=0>
            finish pytest_collect_file --> [] [hook]
            pytest_ignore_collect [hook]
                path: /home/n0npax/workspace/sidecar_http_dispatcher/.gitignore
                config: <_pytest.config.Config object at 0x7f71b557ded0>
            finish pytest_ignore_collect --> None [hook]
            pytest_collect_file [hook]
                path: /home/n0npax/workspace/sidecar_http_dispatcher/.gitignore
                parent: <Session sidecar_http_dispatcher exitstatus=<ExitCode.OK: 0> testsfailed=0 testscollected=0>
            finish pytest_collect_file --> [] [hook]
            pytest_ignore_collect [hook]
                path: /home/n0npax/workspace/sidecar_http_dispatcher/.pre-commit-config.yaml
                config: <_pytest.config.Config object at 0x7f71b557ded0>
            finish pytest_ignore_collect --> None [hook]
            pytest_collect_file [hook]
                path: /home/n0npax/workspace/sidecar_http_dispatcher/.pre-commit-config.yaml
                parent: <Session sidecar_http_dispatcher exitstatus=<ExitCode.OK: 0> testsfailed=0 testscollected=0>
            finish pytest_collect_file --> [] [hook]
            pytest_ignore_collect [hook]
                path: /home/n0npax/workspace/sidecar_http_dispatcher/Dockerfile
                config: <_pytest.config.Config object at 0x7f71b557ded0>
            finish pytest_ignore_collect --> None [hook]
            pytest_collect_file [hook]
                path: /home/n0npax/workspace/sidecar_http_dispatcher/Dockerfile
                parent: <Session sidecar_http_dispatcher exitstatus=<ExitCode.OK: 0> testsfailed=0 testscollected=0>
            finish pytest_collect_file --> [] [hook]
            pytest_ignore_collect [hook]
                path: /home/n0npax/workspace/sidecar_http_dispatcher/LICENSE
                config: <_pytest.config.Config object at 0x7f71b557ded0>
            finish pytest_ignore_collect --> None [hook]
            pytest_collect_file [hook]
                path: /home/n0npax/workspace/sidecar_http_dispatcher/LICENSE
                parent: <Session sidecar_http_dispatcher exitstatus=<ExitCode.OK: 0> testsfailed=0 testscollected=0>
            finish pytest_collect_file --> [] [hook]
            pytest_ignore_collect [hook]
                path: /home/n0npax/workspace/sidecar_http_dispatcher/Makefile
                config: <_pytest.config.Config object at 0x7f71b557ded0>
            finish pytest_ignore_collect --> None [hook]
            pytest_collect_file [hook]
                path: /home/n0npax/workspace/sidecar_http_dispatcher/Makefile
                parent: <Session sidecar_http_dispatcher exitstatus=<ExitCode.OK: 0> testsfailed=0 testscollected=0>
            finish pytest_collect_file --> [] [hook]
            pytest_ignore_collect [hook]
                path: /home/n0npax/workspace/sidecar_http_dispatcher/README.md
                config: <_pytest.config.Config object at 0x7f71b557ded0>
            finish pytest_ignore_collect --> None [hook]
            pytest_collect_file [hook]
                path: /home/n0npax/workspace/sidecar_http_dispatcher/README.md
                parent: <Session sidecar_http_dispatcher exitstatus=<ExitCode.OK: 0> testsfailed=0 testscollected=0>
            finish pytest_collect_file --> [] [hook]
            pytest_ignore_collect [hook]
                path: /home/n0npax/workspace/sidecar_http_dispatcher/_nginx.conf
                config: <_pytest.config.Config object at 0x7f71b557ded0>
            finish pytest_ignore_collect --> None [hook]
            pytest_collect_file [hook]
                path: /home/n0npax/workspace/sidecar_http_dispatcher/_nginx.conf
                parent: <Session sidecar_http_dispatcher exitstatus=<ExitCode.OK: 0> testsfailed=0 testscollected=0>
            finish pytest_collect_file --> [] [hook]
            pytest_ignore_collect [hook]
                path: /home/n0npax/workspace/sidecar_http_dispatcher/app.py
                config: <_pytest.config.Config object at 0x7f71b557ded0>
            finish pytest_ignore_collect --> None [hook]
            pytest_collect_file [hook]
                path: /home/n0npax/workspace/sidecar_http_dispatcher/app.py
                parent: <Session sidecar_http_dispatcher exitstatus=<ExitCode.OK: 0> testsfailed=0 testscollected=0>
            finish pytest_collect_file --> [] [hook]
            pytest_ignore_collect [hook]
                path: /home/n0npax/workspace/sidecar_http_dispatcher/codecov.yml
                config: <_pytest.config.Config object at 0x7f71b557ded0>
            finish pytest_ignore_collect --> None [hook]
            pytest_collect_file [hook]
                path: /home/n0npax/workspace/sidecar_http_dispatcher/codecov.yml
                parent: <Session sidecar_http_dispatcher exitstatus=<ExitCode.OK: 0> testsfailed=0 testscollected=0>
            finish pytest_collect_file --> [] [hook]
            pytest_ignore_collect [hook]
                path: /home/n0npax/workspace/sidecar_http_dispatcher/config.yaml
                config: <_pytest.config.Config object at 0x7f71b557ded0>
            finish pytest_ignore_collect --> None [hook]
            pytest_collect_file [hook]
                path: /home/n0npax/workspace/sidecar_http_dispatcher/config.yaml
                parent: <Session sidecar_http_dispatcher exitstatus=<ExitCode.OK: 0> testsfailed=0 testscollected=0>
            finish pytest_collect_file --> [] [hook]
            pytest_ignore_collect [hook]
                path: /home/n0npax/workspace/sidecar_http_dispatcher/poetry.lock
                config: <_pytest.config.Config object at 0x7f71b557ded0>
            finish pytest_ignore_collect --> None [hook]
            pytest_collect_file [hook]
                path: /home/n0npax/workspace/sidecar_http_dispatcher/poetry.lock
                parent: <Session sidecar_http_dispatcher exitstatus=<ExitCode.OK: 0> testsfailed=0 testscollected=0>
            finish pytest_collect_file --> [] [hook]
            pytest_ignore_collect [hook]
                path: /home/n0npax/workspace/sidecar_http_dispatcher/poetry.toml
                config: <_pytest.config.Config object at 0x7f71b557ded0>
            finish pytest_ignore_collect --> None [hook]
            pytest_collect_file [hook]
                path: /home/n0npax/workspace/sidecar_http_dispatcher/poetry.toml
                parent: <Session sidecar_http_dispatcher exitstatus=<ExitCode.OK: 0> testsfailed=0 testscollected=0>
            finish pytest_collect_file --> [] [hook]
            pytest_ignore_collect [hook]
                path: /home/n0npax/workspace/sidecar_http_dispatcher/pyproject.toml
                config: <_pytest.config.Config object at 0x7f71b557ded0>
            finish pytest_ignore_collect --> None [hook]
            pytest_collect_file [hook]
                path: /home/n0npax/workspace/sidecar_http_dispatcher/pyproject.toml
                parent: <Session sidecar_http_dispatcher exitstatus=<ExitCode.OK: 0> testsfailed=0 testscollected=0>
            finish pytest_collect_file --> [] [hook]
            pytest_ignore_collect [hook]
                path: /home/n0npax/workspace/sidecar_http_dispatcher/pytestdebug.log
                config: <_pytest.config.Config object at 0x7f71b557ded0>
            finish pytest_ignore_collect --> None [hook]
            pytest_collect_file [hook]
                path: /home/n0npax/workspace/sidecar_http_dispatcher/pytestdebug.log
                parent: <Session sidecar_http_dispatcher exitstatus=<ExitCode.OK: 0> testsfailed=0 testscollected=0>
            finish pytest_collect_file --> [] [hook]
            pytest_ignore_collect [hook]
                path: /home/n0npax/workspace/sidecar_http_dispatcher/example/base
                config: <_pytest.config.Config object at 0x7f71b557ded0>
            finish pytest_ignore_collect --> None [hook]
            pytest_collect_directory [hook]
                path: /home/n0npax/workspace/sidecar_http_dispatcher/example/base
                parent: <Session sidecar_http_dispatcher exitstatus=<ExitCode.OK: 0> testsfailed=0 testscollected=0>
            finish pytest_collect_directory --> None [hook]
            pytest_ignore_collect [hook]
                path: /home/n0npax/workspace/sidecar_http_dispatcher/example/k6test
                config: <_pytest.config.Config object at 0x7f71b557ded0>
            finish pytest_ignore_collect --> None [hook]
            pytest_collect_directory [hook]
                path: /home/n0npax/workspace/sidecar_http_dispatcher/example/k6test
                parent: <Session sidecar_http_dispatcher exitstatus=<ExitCode.OK: 0> testsfailed=0 testscollected=0>
            finish pytest_collect_directory --> None [hook]
            pytest_ignore_collect [hook]
                path: /home/n0npax/workspace/sidecar_http_dispatcher/example/ci
                config: <_pytest.config.Config object at 0x7f71b557ded0>
            finish pytest_ignore_collect --> None [hook]
            pytest_collect_directory [hook]
                path: /home/n0npax/workspace/sidecar_http_dispatcher/example/ci
                parent: <Session sidecar_http_dispatcher exitstatus=<ExitCode.OK: 0> testsfailed=0 testscollected=0>
            finish pytest_collect_directory --> None [hook]
            pytest_ignore_collect [hook]
                path: /home/n0npax/workspace/sidecar_http_dispatcher/example/local
                config: <_pytest.config.Config object at 0x7f71b557ded0>
            finish pytest_ignore_collect --> None [hook]
            pytest_collect_directory [hook]
                path: /home/n0npax/workspace/sidecar_http_dispatcher/example/local
                parent: <Session sidecar_http_dispatcher exitstatus=<ExitCode.OK: 0> testsfailed=0 testscollected=0>
            finish pytest_collect_directory --> None [hook]
            pytest_ignore_collect [hook]
                path: /home/n0npax/workspace/sidecar_http_dispatcher/example/deploy
                config: <_pytest.config.Config object at 0x7f71b557ded0>
            finish pytest_ignore_collect --> None [hook]
            pytest_collect_file [hook]
                path: /home/n0npax/workspace/sidecar_http_dispatcher/example/deploy
                parent: <Session sidecar_http_dispatcher exitstatus=<ExitCode.OK: 0> testsfailed=0 testscollected=0>
            finish pytest_collect_file --> [] [hook]
            pytest_ignore_collect [hook]
                path: /home/n0npax/workspace/sidecar_http_dispatcher/example/base/configMaps
                config: <_pytest.config.Config object at 0x7f71b557ded0>
            finish pytest_ignore_collect --> None [hook]
            pytest_collect_directory [hook]
                path: /home/n0npax/workspace/sidecar_http_dispatcher/example/base/configMaps
                parent: <Session sidecar_http_dispatcher exitstatus=<ExitCode.OK: 0> testsfailed=0 testscollected=0>
            finish pytest_collect_directory --> None [hook]
            pytest_ignore_collect [hook]
                path: /home/n0npax/workspace/sidecar_http_dispatcher/example/base/destination_app.yaml
                config: <_pytest.config.Config object at 0x7f71b557ded0>
            finish pytest_ignore_collect --> None [hook]
            pytest_collect_file [hook]
                path: /home/n0npax/workspace/sidecar_http_dispatcher/example/base/destination_app.yaml
                parent: <Session sidecar_http_dispatcher exitstatus=<ExitCode.OK: 0> testsfailed=0 testscollected=0>
            finish pytest_collect_file --> [] [hook]
            pytest_ignore_collect [hook]
                path: /home/n0npax/workspace/sidecar_http_dispatcher/example/base/enricher_app.yaml
                config: <_pytest.config.Config object at 0x7f71b557ded0>
            finish pytest_ignore_collect --> None [hook]
            pytest_collect_file [hook]
                path: /home/n0npax/workspace/sidecar_http_dispatcher/example/base/enricher_app.yaml
                parent: <Session sidecar_http_dispatcher exitstatus=<ExitCode.OK: 0> testsfailed=0 testscollected=0>
            finish pytest_collect_file --> [] [hook]
            pytest_ignore_collect [hook]
                path: /home/n0npax/workspace/sidecar_http_dispatcher/example/base/kustomization.yaml
                config: <_pytest.config.Config object at 0x7f71b557ded0>
            finish pytest_ignore_collect --> None [hook]
            pytest_collect_file [hook]
                path: /home/n0npax/workspace/sidecar_http_dispatcher/example/base/kustomization.yaml
                parent: <Session sidecar_http_dispatcher exitstatus=<ExitCode.OK: 0> testsfailed=0 testscollected=0>
            finish pytest_collect_file --> [] [hook]
            pytest_ignore_collect [hook]
                path: /home/n0npax/workspace/sidecar_http_dispatcher/example/base/configMaps/acme-nginx.conf
                config: <_pytest.config.Config object at 0x7f71b557ded0>
            finish pytest_ignore_collect --> None [hook]
            pytest_collect_file [hook]
                path: /home/n0npax/workspace/sidecar_http_dispatcher/example/base/configMaps/acme-nginx.conf
                parent: <Session sidecar_http_dispatcher exitstatus=<ExitCode.OK: 0> testsfailed=0 testscollected=0>
            finish pytest_collect_file --> [] [hook]
            pytest_ignore_collect [hook]
                path: /home/n0npax/workspace/sidecar_http_dispatcher/example/base/configMaps/destination-nginx.conf
                config: <_pytest.config.Config object at 0x7f71b557ded0>
            finish pytest_ignore_collect --> None [hook]
            pytest_collect_file [hook]
                path: /home/n0npax/workspace/sidecar_http_dispatcher/example/base/configMaps/destination-nginx.conf
                parent: <Session sidecar_http_dispatcher exitstatus=<ExitCode.OK: 0> testsfailed=0 testscollected=0>
            finish pytest_collect_file --> [] [hook]
            pytest_ignore_collect [hook]
                path: /home/n0npax/workspace/sidecar_http_dispatcher/example/base/configMaps/index.html
                config: <_pytest.config.Config object at 0x7f71b557ded0>
            finish pytest_ignore_collect --> None [hook]
            pytest_collect_file [hook]
                path: /home/n0npax/workspace/sidecar_http_dispatcher/example/base/configMaps/index.html
                parent: <Session sidecar_http_dispatcher exitstatus=<ExitCode.OK: 0> testsfailed=0 testscollected=0>
            finish pytest_collect_file --> [] [hook]
            pytest_ignore_collect [hook]
                path: /home/n0npax/workspace/sidecar_http_dispatcher/example/base/configMaps/sidecar_config.yaml
                config: <_pytest.config.Config object at 0x7f71b557ded0>
            finish pytest_ignore_collect --> None [hook]
            pytest_collect_file [hook]
                path: /home/n0npax/workspace/sidecar_http_dispatcher/example/base/configMaps/sidecar_config.yaml
                parent: <Session sidecar_http_dispatcher exitstatus=<ExitCode.OK: 0> testsfailed=0 testscollected=0>
            finish pytest_collect_file --> [] [hook]
            pytest_ignore_collect [hook]
                path: /home/n0npax/workspace/sidecar_http_dispatcher/example/ci/kustomization.yaml
                config: <_pytest.config.Config object at 0x7f71b557ded0>
            finish pytest_ignore_collect --> None [hook]
            pytest_collect_file [hook]
                path: /home/n0npax/workspace/sidecar_http_dispatcher/example/ci/kustomization.yaml
                parent: <Session sidecar_http_dispatcher exitstatus=<ExitCode.OK: 0> testsfailed=0 testscollected=0>
            finish pytest_collect_file --> [] [hook]
            pytest_ignore_collect [hook]
                path: /home/n0npax/workspace/sidecar_http_dispatcher/example/k6test/configMaps
                config: <_pytest.config.Config object at 0x7f71b557ded0>
            finish pytest_ignore_collect --> None [hook]
            pytest_collect_directory [hook]
                path: /home/n0npax/workspace/sidecar_http_dispatcher/example/k6test/configMaps
                parent: <Session sidecar_http_dispatcher exitstatus=<ExitCode.OK: 0> testsfailed=0 testscollected=0>
            finish pytest_collect_directory --> None [hook]
            pytest_ignore_collect [hook]
                path: /home/n0npax/workspace/sidecar_http_dispatcher/example/k6test/k6test.yaml
                config: <_pytest.config.Config object at 0x7f71b557ded0>
            finish pytest_ignore_collect --> None [hook]
            pytest_collect_file [hook]
                path: /home/n0npax/workspace/sidecar_http_dispatcher/example/k6test/k6test.yaml
                parent: <Session sidecar_http_dispatcher exitstatus=<ExitCode.OK: 0> testsfailed=0 testscollected=0>
            finish pytest_collect_file --> [] [hook]
            pytest_ignore_collect [hook]
                path: /home/n0npax/workspace/sidecar_http_dispatcher/example/k6test/kustomization.yaml
                config: <_pytest.config.Config object at 0x7f71b557ded0>
            finish pytest_ignore_collect --> None [hook]
            pytest_collect_file [hook]
                path: /home/n0npax/workspace/sidecar_http_dispatcher/example/k6test/kustomization.yaml
                parent: <Session sidecar_http_dispatcher exitstatus=<ExitCode.OK: 0> testsfailed=0 testscollected=0>
            finish pytest_collect_file --> [] [hook]
            pytest_ignore_collect [hook]
                path: /home/n0npax/workspace/sidecar_http_dispatcher/example/k6test/configMaps/k6script.js
                config: <_pytest.config.Config object at 0x7f71b557ded0>
            finish pytest_ignore_collect --> None [hook]
            pytest_collect_file [hook]
                path: /home/n0npax/workspace/sidecar_http_dispatcher/example/k6test/configMaps/k6script.js
                parent: <Session sidecar_http_dispatcher exitstatus=<ExitCode.OK: 0> testsfailed=0 testscollected=0>
            finish pytest_collect_file --> [] [hook]
            pytest_ignore_collect [hook]
                path: /home/n0npax/workspace/sidecar_http_dispatcher/example/local/destination_app_increase_limits.yaml
                config: <_pytest.config.Config object at 0x7f71b557ded0>
            finish pytest_ignore_collect --> None [hook]
            pytest_collect_file [hook]
                path: /home/n0npax/workspace/sidecar_http_dispatcher/example/local/destination_app_increase_limits.yaml
                parent: <Session sidecar_http_dispatcher exitstatus=<ExitCode.OK: 0> testsfailed=0 testscollected=0>
            finish pytest_collect_file --> [] [hook]
            pytest_ignore_collect [hook]
                path: /home/n0npax/workspace/sidecar_http_dispatcher/example/local/enricher_increase_limits.yaml
                config: <_pytest.config.Config object at 0x7f71b557ded0>
            finish pytest_ignore_collect --> None [hook]
            pytest_collect_file [hook]
                path: /home/n0npax/workspace/sidecar_http_dispatcher/example/local/enricher_increase_limits.yaml
                parent: <Session sidecar_http_dispatcher exitstatus=<ExitCode.OK: 0> testsfailed=0 testscollected=0>
            finish pytest_collect_file --> [] [hook]
            pytest_ignore_collect [hook]
                path: /home/n0npax/workspace/sidecar_http_dispatcher/example/local/kustomization.yaml
                config: <_pytest.config.Config object at 0x7f71b557ded0>
            finish pytest_ignore_collect --> None [hook]
            pytest_collect_file [hook]
                path: /home/n0npax/workspace/sidecar_http_dispatcher/example/local/kustomization.yaml
                parent: <Session sidecar_http_dispatcher exitstatus=<ExitCode.OK: 0> testsfailed=0 testscollected=0>
            finish pytest_collect_file --> [] [hook]
            pytest_ignore_collect [hook]
                path: /home/n0npax/workspace/sidecar_http_dispatcher/img/flow.svg
                config: <_pytest.config.Config object at 0x7f71b557ded0>
            finish pytest_ignore_collect --> None [hook]
            pytest_collect_file [hook]
                path: /home/n0npax/workspace/sidecar_http_dispatcher/img/flow.svg
                parent: <Session sidecar_http_dispatcher exitstatus=<ExitCode.OK: 0> testsfailed=0 testscollected=0>
            finish pytest_collect_file --> [] [hook]
            pytest_ignore_collect [hook]
                path: /home/n0npax/workspace/sidecar_http_dispatcher/img/performance.png
                config: <_pytest.config.Config object at 0x7f71b557ded0>
            finish pytest_ignore_collect --> None [hook]
            pytest_collect_file [hook]
                path: /home/n0npax/workspace/sidecar_http_dispatcher/img/performance.png
                parent: <Session sidecar_http_dispatcher exitstatus=<ExitCode.OK: 0> testsfailed=0 testscollected=0>
            finish pytest_collect_file --> [] [hook]
            pytest_ignore_collect [hook]
                path: /home/n0npax/workspace/sidecar_http_dispatcher/img/star.png
                config: <_pytest.config.Config object at 0x7f71b557ded0>
            finish pytest_ignore_collect --> None [hook]
            pytest_collect_file [hook]
                path: /home/n0npax/workspace/sidecar_http_dispatcher/img/star.png
                parent: <Session sidecar_http_dispatcher exitstatus=<ExitCode.OK: 0> testsfailed=0 testscollected=0>
            finish pytest_collect_file --> [] [hook]
            pytest_ignore_collect [hook]
                path: /home/n0npax/workspace/sidecar_http_dispatcher/sidecar_http_dispatcher/__init__.py
                config: <_pytest.config.Config object at 0x7f71b557ded0>
            finish pytest_ignore_collect --> None [hook]
            pytest_collect_file [hook]
                path: /home/n0npax/workspace/sidecar_http_dispatcher/sidecar_http_dispatcher/__init__.py
                parent: <Session sidecar_http_dispatcher exitstatus=<ExitCode.OK: 0> testsfailed=0 testscollected=0>
              pytest_pycollect_makemodule [hook]
                  path: /home/n0npax/workspace/sidecar_http_dispatcher/sidecar_http_dispatcher/__init__.py
                  parent: <Session sidecar_http_dispatcher exitstatus=<ExitCode.OK: 0> testsfailed=0 testscollected=0>
              finish pytest_pycollect_makemodule --> <Package /home/n0npax/workspace/sidecar_http_dispatcher/sidecar_http_dispatcher> [hook]
            finish pytest_collect_file --> [<Package /home/n0npax/workspace/sidecar_http_dispatcher/sidecar_http_dispatcher>] [hook]
        finish pytest_make_collect_report --> <CollectReport '' lenresult=1 outcome='passed'> [hook]
        pytest_collectreport [hook]
            report: <CollectReport '' lenresult=1 outcome='passed'>
        finish pytest_collectreport --> [] [hook]
    genitems <Package /home/n0npax/workspace/sidecar_http_dispatcher/sidecar_http_dispatcher> [collection]
      pytest_collectstart [hook]
          collector: <Package /home/n0npax/workspace/sidecar_http_dispatcher/sidecar_http_dispatcher>
      finish pytest_collectstart --> [] [hook]
      pytest_make_collect_report [hook]
          collector: <Package /home/n0npax/workspace/sidecar_http_dispatcher/sidecar_http_dispatcher>
        pytest_ignore_collect [hook]
            path: /home/n0npax/workspace/sidecar_http_dispatcher/sidecar_http_dispatcher/app.py
            config: <_pytest.config.Config object at 0x7f71b557ded0>
        finish pytest_ignore_collect --> None [hook]
        pytest_collect_file [hook]
            path: /home/n0npax/workspace/sidecar_http_dispatcher/sidecar_http_dispatcher/app.py
            parent: <Package /home/n0npax/workspace/sidecar_http_dispatcher/sidecar_http_dispatcher>
        finish pytest_collect_file --> [] [hook]
        pytest_ignore_collect [hook]
            path: /home/n0npax/workspace/sidecar_http_dispatcher/sidecar_http_dispatcher/config.py
            config: <_pytest.config.Config object at 0x7f71b557ded0>
        finish pytest_ignore_collect --> None [hook]
        pytest_collect_file [hook]
            path: /home/n0npax/workspace/sidecar_http_dispatcher/sidecar_http_dispatcher/config.py
            parent: <Package /home/n0npax/workspace/sidecar_http_dispatcher/sidecar_http_dispatcher>
        finish pytest_collect_file --> [] [hook]
        pytest_ignore_collect [hook]
            path: /home/n0npax/workspace/sidecar_http_dispatcher/sidecar_http_dispatcher/test_app.py
            config: <_pytest.config.Config object at 0x7f71b557ded0>
        finish pytest_ignore_collect --> None [hook]
        pytest_collect_file [hook]
            path: /home/n0npax/workspace/sidecar_http_dispatcher/sidecar_http_dispatcher/test_app.py
            parent: <Package /home/n0npax/workspace/sidecar_http_dispatcher/sidecar_http_dispatcher>
          pytest_pycollect_makemodule [hook]
              path: /home/n0npax/workspace/sidecar_http_dispatcher/sidecar_http_dispatcher/test_app.py
              parent: <Package /home/n0npax/workspace/sidecar_http_dispatcher/sidecar_http_dispatcher>
          finish pytest_pycollect_makemodule --> <Module test_app.py> [hook]
        finish pytest_collect_file --> [<Module test_app.py>] [hook]
      finish pytest_make_collect_report --> <CollectReport 'sidecar_http_dispatcher/__init__.py' lenresult=1 outcome='passed'> [hook]
    genitems <Module test_app.py> [collection]
      pytest_collectstart [hook]
          collector: <Module test_app.py>
      finish pytest_collectstart --> [] [hook]
      pytest_make_collect_report [hook]
          collector: <Module test_app.py>
      find_module called for: sidecar_http_dispatcher [assertion]
      find_module called for: sidecar_http_dispatcher.test_app [assertion]
      matched test file '/home/n0npax/workspace/sidecar_http_dispatcher/sidecar_http_dispatcher/test_app.py' [assertion]
      found cached rewritten pyc for /home/n0npax/workspace/sidecar_http_dispatcher/sidecar_http_dispatcher/test_app.py [assertion]
      early skip of rewriting module: dataclasses [assertion]
      early skip of rewriting module: sidecar_http_dispatcher.app [assertion]
      early skip of rewriting module: aiohttp [assertion]
      early skip of rewriting module: aiohttp.hdrs [assertion]
      early skip of rewriting module: multidict [assertion]
      early skip of rewriting module: multidict._abc [assertion]
      early skip of rewriting module: multidict._compat [assertion]
      early skip of rewriting module: multidict._multidict [assertion]
      early skip of rewriting module: multidict._multidict_base [assertion]
      early skip of rewriting module: aiohttp.client [assertion]
      early skip of rewriting module: yarl [assertion]
      early skip of rewriting module: ipaddress [assertion]
      early skip of rewriting module: yarl.quoting [assertion]
      early skip of rewriting module: yarl._quoting [assertion]
      early skip of rewriting module: aiohttp.http [assertion]
      early skip of rewriting module: http.server [assertion]
      early skip of rewriting module: socketserver [assertion]
      early skip of rewriting module: aiohttp.http_exceptions [assertion]
      early skip of rewriting module: aiohttp.typedefs [assertion]
      early skip of rewriting module: aiohttp.http_parser [assertion]
      early skip of rewriting module: aiohttp.base_protocol [assertion]
      early skip of rewriting module: aiohttp.tcp_helpers [assertion]
      early skip of rewriting module: aiohttp.helpers [assertion]
      early skip of rewriting module: cgi [assertion]
      early skip of rewriting module: netrc [assertion]
      early skip of rewriting module: async_timeout [assertion]
      early skip of rewriting module: aiohttp.log [assertion]
      early skip of rewriting module: aiohttp._helpers [assertion]
      early skip of rewriting module: aiohttp.http_writer [assertion]
      early skip of rewriting module: aiohttp.abc [assertion]
      early skip of rewriting module: aiohttp._http_writer [assertion]
      early skip of rewriting module: aiohttp.streams [assertion]
      early skip of rewriting module: brotli [assertion]
      early skip of rewriting module: aiohttp._http_parser [assertion]
      early skip of rewriting module: backports_abc [assertion]
      early skip of rewriting module: aiohttp.http_websocket [assertion]
      early skip of rewriting module: aiohttp._websocket [assertion]
      early skip of rewriting module: aiohttp.payload [assertion]
      early skip of rewriting module: aiohttp.client_exceptions [assertion]
      early skip of rewriting module: aiohttp.client_reqrep [assertion]
      early skip of rewriting module: aiohttp.multipart [assertion]
      early skip of rewriting module: aiohttp.formdata [assertion]
      early skip of rewriting module: cchardet [assertion]
      early skip of rewriting module: cchardet._cchardet [assertion]
      early skip of rewriting module: cchardet.version [assertion]
      early skip of rewriting module: aiohttp.client_ws [assertion]
      early skip of rewriting module: aiohttp.connector [assertion]
      early skip of rewriting module: aiohttp.client_proto [assertion]
      early skip of rewriting module: aiohttp.locks [assertion]
      early skip of rewriting module: aiohttp.resolver [assertion]
      early skip of rewriting module: aiodns [assertion]
      early skip of rewriting module: aiohttp.cookiejar [assertion]
      early skip of rewriting module: aiohttp.tracing [assertion]
      early skip of rewriting module: aiohttp.signals [assertion]
      early skip of rewriting module: aiohttp.frozenlist [assertion]
      early skip of rewriting module: aiohttp._frozenlist [assertion]
      early skip of rewriting module: aiohttp.payload_streamer [assertion]
      early skip of rewriting module: aiohttp.worker [assertion]
      early skip of rewriting module: gunicorn [assertion]
      early skip of rewriting module: quart [assertion]
      early skip of rewriting module: jinja2 [assertion]
      early skip of rewriting module: markupsafe [assertion]
      early skip of rewriting module: markupsafe._compat [assertion]
      early skip of rewriting module: markupsafe._speedups [assertion]
      early skip of rewriting module: jinja2.bccache [assertion]
      early skip of rewriting module: jinja2._compat [assertion]
      early skip of rewriting module: jinja2.utils [assertion]
      early skip of rewriting module: jinja2.environment [assertion]
      early skip of rewriting module: jinja2.nodes [assertion]
      early skip of rewriting module: jinja2.compiler [assertion]
      early skip of rewriting module: jinja2.exceptions [assertion]
      early skip of rewriting module: jinja2.idtracking [assertion]
      early skip of rewriting module: jinja2.visitor [assertion]
      early skip of rewriting module: jinja2.optimizer [assertion]
      early skip of rewriting module: jinja2.defaults [assertion]
      early skip of rewriting module: jinja2.filters [assertion]
      early skip of rewriting module: jinja2.runtime [assertion]
      early skip of rewriting module: jinja2.tests [assertion]
      early skip of rewriting module: jinja2.lexer [assertion]
      early skip of rewriting module: jinja2._identifier [assertion]
      early skip of rewriting module: jinja2.parser [assertion]
      early skip of rewriting module: jinja2.loaders [assertion]
      early skip of rewriting module: quart.__about__ [assertion]
      early skip of rewriting module: quart.app [assertion]
      early skip of rewriting module: hypercorn [assertion]
      early skip of rewriting module: hypercorn.__about__ [assertion]
      early skip of rewriting module: hypercorn.config [assertion]
      early skip of rewriting module: wsgiref [assertion]
      early skip of rewriting module: wsgiref.handlers [assertion]
      early skip of rewriting module: wsgiref.util [assertion]
      early skip of rewriting module: wsgiref.headers [assertion]
      early skip of rewriting module: toml [assertion]
      early skip of rewriting module: toml.encoder [assertion]
      early skip of rewriting module: toml.decoder [assertion]
      early skip of rewriting module: toml.tz [assertion]
      early skip of rewriting module: hypercorn.logging [assertion]
      early skip of rewriting module: logging.config [assertion]
      early skip of rewriting module: logging.handlers [assertion]
      early skip of rewriting module: hypercorn.asyncio [assertion]
      early skip of rewriting module: hypercorn.asyncio.run [assertion]
      early skip of rewriting module: multiprocessing.synchronize [assertion]
      early skip of rewriting module: _multiprocessing [assertion]
      early skip of rewriting module: hypercorn.asyncio.lifespan [assertion]
      early skip of rewriting module: hypercorn.typing [assertion]
      early skip of rewriting module: h2 [assertion]
      early skip of rewriting module: h2.events [assertion]
      early skip of rewriting module: h2.settings [assertion]
      early skip of rewriting module: hyperframe [assertion]
      early skip of rewriting module: hyperframe.frame [assertion]
      early skip of rewriting module: hyperframe.exceptions [assertion]
      early skip of rewriting module: hyperframe.flags [assertion]
      early skip of rewriting module: h2.errors [assertion]
      early skip of rewriting module: h2.exceptions [assertion]
      early skip of rewriting module: h11 [assertion]
      early skip of rewriting module: h11._connection [assertion]
      early skip of rewriting module: h11._events [assertion]
      early skip of rewriting module: h11._headers [assertion]
      early skip of rewriting module: h11._abnf [assertion]
      early skip of rewriting module: h11._util [assertion]
      early skip of rewriting module: h11._readers [assertion]
      early skip of rewriting module: h11._state [assertion]
      early skip of rewriting module: h11._receivebuffer [assertion]
      early skip of rewriting module: h11._writers [assertion]
      early skip of rewriting module: h11._version [assertion]
      early skip of rewriting module: typing_extensions [assertion]
      early skip of rewriting module: hypercorn.utils [assertion]
      early skip of rewriting module: hypercorn.asyncio.statsd [assertion]
      early skip of rewriting module: hypercorn.statsd [assertion]
      early skip of rewriting module: hypercorn.asyncio.tcp_server [assertion]
      early skip of rewriting module: hypercorn.asyncio.spawn_app [assertion]
      early skip of rewriting module: hypercorn.asyncio.task_group [assertion]
      early skip of rewriting module: hypercorn.events [assertion]
      early skip of rewriting module: hypercorn.protocol [assertion]
      early skip of rewriting module: hypercorn.protocol.h2 [assertion]
      early skip of rewriting module: h2.connection [assertion]
      early skip of rewriting module: hpack [assertion]
      early skip of rewriting module: hpack.hpack [assertion]
      early skip of rewriting module: hpack.table [assertion]
      early skip of rewriting module: hpack.exceptions [assertion]
      early skip of rewriting module: hpack.compat [assertion]
      early skip of rewriting module: hpack.huffman [assertion]
      early skip of rewriting module: hpack.huffman_constants [assertion]
      early skip of rewriting module: hpack.huffman_table [assertion]
      early skip of rewriting module: hpack.struct [assertion]
      early skip of rewriting module: h2.config [assertion]
      early skip of rewriting module: h2.frame_buffer [assertion]
      early skip of rewriting module: h2.stream [assertion]
      early skip of rewriting module: h2.utilities [assertion]
      early skip of rewriting module: h2.windows [assertion]
      early skip of rewriting module: priority [assertion]
      early skip of rewriting module: priority.priority [assertion]
      early skip of rewriting module: hypercorn.protocol.events [assertion]
      early skip of rewriting module: hypercorn.protocol.http_stream [assertion]
      early skip of rewriting module: hypercorn.protocol.ws_stream [assertion]
      early skip of rewriting module: wsproto [assertion]
      early skip of rewriting module: wsproto.connection [assertion]
      early skip of rewriting module: wsproto.events [assertion]
      early skip of rewriting module: wsproto.extensions [assertion]
      early skip of rewriting module: wsproto.frame_protocol [assertion]
      early skip of rewriting module: wsproto.typing [assertion]
      early skip of rewriting module: wsproto.utilities [assertion]
      early skip of rewriting module: wsproto.handshake [assertion]
      early skip of rewriting module: hypercorn.protocol.h11 [assertion]
      early skip of rewriting module: hypercorn.asyncio.udp_server [assertion]
      early skip of rewriting module: werkzeug [assertion]
      early skip of rewriting module: werkzeug.serving [assertion]
      early skip of rewriting module: werkzeug._compat [assertion]
      early skip of rewriting module: werkzeug._internal [assertion]
      early skip of rewriting module: werkzeug.exceptions [assertion]
      early skip of rewriting module: werkzeug.utils [assertion]
      early skip of rewriting module: werkzeug.urls [assertion]
      early skip of rewriting module: click [assertion]
      early skip of rewriting module: click.core [assertion]
      early skip of rewriting module: click._compat [assertion]
      early skip of rewriting module: click._unicodefun [assertion]
      early skip of rewriting module: click.exceptions [assertion]
      early skip of rewriting module: click.utils [assertion]
      early skip of rewriting module: click.globals [assertion]
      early skip of rewriting module: click.formatting [assertion]
      early skip of rewriting module: click.parser [assertion]
      early skip of rewriting module: click.termui [assertion]
      early skip of rewriting module: click.types [assertion]
      early skip of rewriting module: click.decorators [assertion]
      early skip of rewriting module: werkzeug.test [assertion]
      early skip of rewriting module: werkzeug.datastructures [assertion]
      early skip of rewriting module: werkzeug.filesystem [assertion]
      early skip of rewriting module: werkzeug.http [assertion]
      early skip of rewriting module: werkzeug.wrappers [assertion]
      early skip of rewriting module: werkzeug.wrappers.accept [assertion]
      early skip of rewriting module: werkzeug.wrappers.auth [assertion]
      early skip of rewriting module: werkzeug.wrappers.base_request [assertion]
      early skip of rewriting module: werkzeug.formparser [assertion]
      early skip of rewriting module: werkzeug.wsgi [assertion]
      early skip of rewriting module: werkzeug.wrappers.base_response [assertion]
      early skip of rewriting module: werkzeug.wrappers.common_descriptors [assertion]
      early skip of rewriting module: werkzeug.wrappers.etag [assertion]
      early skip of rewriting module: werkzeug.wrappers.request [assertion]
      early skip of rewriting module: werkzeug.wrappers.cors [assertion]
      early skip of rewriting module: werkzeug.wrappers.user_agent [assertion]
      early skip of rewriting module: werkzeug.useragents [assertion]
      early skip of rewriting module: werkzeug.wrappers.response [assertion]
      early skip of rewriting module: werkzeug.routing [assertion]
      early skip of rewriting module: quart.asgi [assertion]
      early skip of rewriting module: quart.debug [assertion]
      early skip of rewriting module: quart.wrappers [assertion]
      early skip of rewriting module: quart.wrappers.base [assertion]
      early skip of rewriting module: quart.json [assertion]
      early skip of rewriting module: quart.globals [assertion]
      early skip of rewriting module: quart.local [assertion]
      early skip of rewriting module: quart.wrappers.request [assertion]
      early skip of rewriting module: quart.datastructures [assertion]
      early skip of rewriting module: quart.wrappers.response [assertion]
      early skip of rewriting module: aiofiles [assertion]
      early skip of rewriting module: aiofiles.threadpool [assertion]
      early skip of rewriting module: aiofiles.threadpool.binary [assertion]
      early skip of rewriting module: aiofiles.base [assertion]
      early skip of rewriting module: aiofiles.threadpool.utils [assertion]
      early skip of rewriting module: aiofiles.threadpool.text [assertion]
      early skip of rewriting module: quart.utils [assertion]
      early skip of rewriting module: quart.typing [assertion]
      early skip of rewriting module: quart.blueprints [assertion]
      early skip of rewriting module: quart.static [assertion]
      early skip of rewriting module: quart.exceptions [assertion]
      early skip of rewriting module: quart.cli [assertion]
      early skip of rewriting module: quart.helpers [assertion]
      early skip of rewriting module: quart.ctx [assertion]
      early skip of rewriting module: quart.sessions [assertion]
      early skip of rewriting module: itsdangerous [assertion]
      early skip of rewriting module: itsdangerous._json [assertion]
      early skip of rewriting module: itsdangerous.encoding [assertion]
      early skip of rewriting module: itsdangerous._compat [assertion]
      early skip of rewriting module: itsdangerous.exc [assertion]
      early skip of rewriting module: itsdangerous.jws [assertion]
      early skip of rewriting module: itsdangerous.serializer [assertion]
      early skip of rewriting module: itsdangerous.signer [assertion]
      early skip of rewriting module: itsdangerous.timed [assertion]
      early skip of rewriting module: itsdangerous.url_safe [assertion]
      early skip of rewriting module: quart.json.tag [assertion]
      early skip of rewriting module: quart.signals [assertion]
      early skip of rewriting module: blinker [assertion]
      early skip of rewriting module: blinker.base [assertion]
      early skip of rewriting module: blinker._utilities [assertion]
      early skip of rewriting module: blinker._saferef [assertion]
      early skip of rewriting module: dotenv [assertion]
      early skip of rewriting module: quart.config [assertion]
      early skip of rewriting module: quart.logging [assertion]
      early skip of rewriting module: quart.routing [assertion]
      early skip of rewriting module: quart.templating [assertion]
      early skip of rewriting module: quart.testing [assertion]
      early skip of rewriting module: sidecar_http_dispatcher.config [assertion]
      early skip of rewriting module: yaml [assertion]
      early skip of rewriting module: yaml.error [assertion]
      early skip of rewriting module: yaml.tokens [assertion]
      early skip of rewriting module: yaml.events [assertion]
      early skip of rewriting module: yaml.nodes [assertion]
      early skip of rewriting module: yaml.loader [assertion]
      early skip of rewriting module: yaml.reader [assertion]
      early skip of rewriting module: yaml.scanner [assertion]
      early skip of rewriting module: yaml.parser [assertion]
      early skip of rewriting module: yaml.composer [assertion]
      early skip of rewriting module: yaml.constructor [assertion]
      early skip of rewriting module: yaml.resolver [assertion]
      early skip of rewriting module: yaml.dumper [assertion]
      early skip of rewriting module: yaml.emitter [assertion]
      early skip of rewriting module: yaml.serializer [assertion]
      early skip of rewriting module: yaml.representer [assertion]
      early skip of rewriting module: yaml.cyaml [assertion]
      early skip of rewriting module: _yaml [assertion]
      early skip of rewriting module: asynctest [assertion]
      early skip of rewriting module: asynctest [assertion]
      early skip of rewriting module: asynctest [assertion]
        pytest_pycollect_makeitem [hook]
            collector: <Module test_app.py>
            name: __name__
            obj: sidecar_http_dispatcher.test_app
        finish pytest_pycollect_makeitem --> None [hook]
        pytest_pycollect_makeitem [hook]
            collector: <Module test_app.py>
            name: __doc__
            obj: None
        finish pytest_pycollect_makeitem --> None [hook]
        pytest_pycollect_makeitem [hook]
            collector: <Module test_app.py>
            name: __package__
            obj: sidecar_http_dispatcher
        finish pytest_pycollect_makeitem --> None [hook]
        pytest_pycollect_makeitem [hook]
            collector: <Module test_app.py>
            name: __loader__
            obj: <_pytest.assertion.rewrite.AssertionRewritingHook object at 0x7f71b5401850>
        finish pytest_pycollect_makeitem --> None [hook]
        pytest_pycollect_makeitem [hook]
            collector: <Module test_app.py>
            name: __spec__
            obj: ModuleSpec(name='sidecar_http_dispatcher.test_app', loader=<_pytest.assertion.rewrite.AssertionRewritingHook object at 0x7f71b5401850>, origin='/home/n0npax/workspace/sidecar_http_dispatcher/sidecar_http_dispatcher/test_app.py')
        finish pytest_pycollect_makeitem --> None [hook]
        pytest_pycollect_makeitem [hook]
            collector: <Module test_app.py>
            name: __file__
            obj: /home/n0npax/workspace/sidecar_http_dispatcher/sidecar_http_dispatcher/test_app.py
        finish pytest_pycollect_makeitem --> None [hook]
        pytest_pycollect_makeitem [hook]
            collector: <Module test_app.py>
            name: __cached__
            obj: /home/n0npax/workspace/sidecar_http_dispatcher/sidecar_http_dispatcher/__pycache__/test_app.cpython-37.pyc
        finish pytest_pycollect_makeitem --> None [hook]
        pytest_pycollect_makeitem [hook]
            collector: <Module test_app.py>
            name: __builtins__
            obj: {'__name__': 'builtins', '__doc__': "Built-in functions, exceptions, and other objects.\n\nNoteworthy: None is the `nil' object; Ellipsis represents `...' in slices.", '__package__': '', '__loader__': <class '_frozen_importlib.BuiltinImporter'>, '__spec__': ModuleSpec(name='builtins', loader=<class '_frozen_importlib.BuiltinImporter'>), '__build_class__': <built-in function __build_class__>, '__import__': <built-in function __import__>, 'abs': <built-in function abs>, 'all': <built-in function all>, 'any': <built-in function any>, 'ascii': <built-in function ascii>, 'bin': <built-in function bin>, 'breakpoint': <built-in function breakpoint>, 'callable': <built-in function callable>, 'chr': <built-in function chr>, 'compile': <built-in function compile>, 'delattr': <built-in function delattr>, 'dir': <built-in function dir>, 'divmod': <built-in function divmod>, 'eval': <built-in function eval>, 'exec': <built-in function exec>, 'format': <built-in function format>, 'getattr': <built-in function getattr>, 'globals': <built-in function globals>, 'hasattr': <built-in function hasattr>, 'hash': <built-in function hash>, 'hex': <built-in function hex>, 'id': <built-in function id>, 'input': <built-in function input>, 'isinstance': <built-in function isinstance>, 'issubclass': <built-in function issubclass>, 'iter': <built-in function iter>, 'len': <built-in function len>, 'locals': <built-in function locals>, 'max': <built-in function max>, 'min': <built-in function min>, 'next': <built-in function next>, 'oct': <built-in function oct>, 'ord': <built-in function ord>, 'pow': <built-in function pow>, 'print': <built-in function print>, 'repr': <built-in function repr>, 'round': <built-in function round>, 'setattr': <built-in function setattr>, 'sorted': <built-in function sorted>, 'sum': <built-in function sum>, 'vars': <built-in function vars>, 'None': None, 'Ellipsis': Ellipsis, 'NotImplemented': NotImplemented, 'False': False, 'True': True, 'bool': <class 'bool'>, 'memoryview': <class 'memoryview'>, 'bytearray': <class 'bytearray'>, 'bytes': <class 'bytes'>, 'classmethod': <class 'classmethod'>, 'complex': <class 'complex'>, 'dict': <class 'dict'>, 'enumerate': <class 'enumerate'>, 'filter': <class 'filter'>, 'float': <class 'float'>, 'frozenset': <class 'frozenset'>, 'property': <class 'property'>, 'int': <class 'int'>, 'list': <class 'list'>, 'map': <class 'map'>, 'object': <class 'object'>, 'range': <class 'range'>, 'reversed': <class 'reversed'>, 'set': <class 'set'>, 'slice': <class 'slice'>, 'staticmethod': <class 'staticmethod'>, 'str': <class 'str'>, 'super': <class 'super'>, 'tuple': <class 'tuple'>, 'type': <class 'type'>, 'zip': <class 'zip'>, '__debug__': True, 'BaseException': <class 'BaseException'>, 'Exception': <class 'Exception'>, 'TypeError': <class 'TypeError'>, 'StopAsyncIteration': <class 'StopAsyncIteration'>, 'StopIteration': <class 'StopIteration'>, 'GeneratorExit': <class 'GeneratorExit'>, 'SystemExit': <class 'SystemExit'>, 'KeyboardInterrupt': <class 'KeyboardInterrupt'>, 'ImportError': <class 'ImportError'>, 'ModuleNotFoundError': <class 'ModuleNotFoundError'>, 'OSError': <class 'OSError'>, 'EnvironmentError': <class 'OSError'>, 'IOError': <class 'OSError'>, 'EOFError': <class 'EOFError'>, 'RuntimeError': <class 'RuntimeError'>, 'RecursionError': <class 'RecursionError'>, 'NotImplementedError': <class 'NotImplementedError'>, 'NameError': <class 'NameError'>, 'UnboundLocalError': <class 'UnboundLocalError'>, 'AttributeError': <class 'AttributeError'>, 'SyntaxError': <class 'SyntaxError'>, 'IndentationError': <class 'IndentationError'>, 'TabError': <class 'TabError'>, 'LookupError': <class 'LookupError'>, 'IndexError': <class 'IndexError'>, 'KeyError': <class 'KeyError'>, 'ValueError': <class 'ValueError'>, 'UnicodeError': <class 'UnicodeError'>, 'UnicodeEncodeError': <class 'UnicodeEncodeError'>, 'UnicodeDecodeError': <class 'UnicodeDecodeError'>, 'UnicodeTranslateError': <class 'UnicodeTranslateError'>, 'AssertionError': <class 'AssertionError'>, 'ArithmeticError': <class 'ArithmeticError'>, 'FloatingPointError': <class 'FloatingPointError'>, 'OverflowError': <class 'OverflowError'>, 'ZeroDivisionError': <class 'ZeroDivisionError'>, 'SystemError': <class 'SystemError'>, 'ReferenceError': <class 'ReferenceError'>, 'MemoryError': <class 'MemoryError'>, 'BufferError': <class 'BufferError'>, 'Warning': <class 'Warning'>, 'UserWarning': <class 'UserWarning'>, 'DeprecationWarning': <class 'DeprecationWarning'>, 'PendingDeprecationWarning': <class 'PendingDeprecationWarning'>, 'SyntaxWarning': <class 'SyntaxWarning'>, 'RuntimeWarning': <class 'RuntimeWarning'>, 'FutureWarning': <class 'FutureWarning'>, 'ImportWarning': <class 'ImportWarning'>, 'UnicodeWarning': <class 'UnicodeWarning'>, 'BytesWarning': <class 'BytesWarning'>, 'ResourceWarning': <class 'ResourceWarning'>, 'ConnectionError': <class 'ConnectionError'>, 'BlockingIOError': <class 'BlockingIOError'>, 'BrokenPipeError': <class 'BrokenPipeError'>, 'ChildProcessError': <class 'ChildProcessError'>, 'ConnectionAbortedError': <class 'ConnectionAbortedError'>, 'ConnectionRefusedError': <class 'ConnectionRefusedError'>, 'ConnectionResetError': <class 'ConnectionResetError'>, 'FileExistsError': <class 'FileExistsError'>, 'FileNotFoundError': <class 'FileNotFoundError'>, 'IsADirectoryError': <class 'IsADirectoryError'>, 'NotADirectoryError': <class 'NotADirectoryError'>, 'InterruptedError': <class 'InterruptedError'>, 'PermissionError': <class 'PermissionError'>, 'ProcessLookupError': <class 'ProcessLookupError'>, 'TimeoutError': <class 'TimeoutError'>, 'open': <built-in function open>, 'quit': Use quit() or Ctrl-D (i.e. EOF) to exit, 'exit': Use exit() or Ctrl-D (i.e. EOF) to exit, 'copyright': Copyright (c) 2001-2019 Python Software Foundation.
All Rights Reserved.

Copyright (c) 2000 BeOpen.com.
All Rights Reserved.

Copyright (c) 1995-2001 Corporation for National Research Initiatives.
All Rights Reserved.

Copyright (c) 1991-1995 Stichting Mathematisch Centrum, Amsterdam.
All Rights Reserved., 'credits':     Thanks to CWI, CNRI, BeOpen.com, Zope Corporation and a cast of thousands
    for supporting Python development.  See www.python.org for more information., 'license': Type license() to see the full license text, 'help': Type help() for interactive help, or help(object) for help about object.}
        finish pytest_pycollect_makeitem --> None [hook]
        pytest_pycollect_makeitem [hook]
            collector: <Module test_app.py>
            name: @py_builtins
            obj: <module 'builtins' (built-in)>
        finish pytest_pycollect_makeitem --> None [hook]
        pytest_pycollect_makeitem [hook]
            collector: <Module test_app.py>
            name: @pytest_ar
            obj: <module '_pytest.assertion.rewrite' from '/home/n0npax/.local/lib/python3.7/site-packages/_pytest/assertion/rewrite.py'>
        finish pytest_pycollect_makeitem --> None [hook]
        pytest_pycollect_makeitem [hook]
            collector: <Module test_app.py>
            name: dataclass
            obj: <function dataclass at 0x7f71b4508560>
        finish pytest_pycollect_makeitem --> None [hook]
        pytest_pycollect_makeitem [hook]
            collector: <Module test_app.py>
            name: pytest
            obj: <module 'pytest' from '/home/n0npax/.local/lib/python3.7/site-packages/pytest/__init__.py'>
        finish pytest_pycollect_makeitem --> None [hook]
        pytest_pycollect_makeitem [hook]
            collector: <Module test_app.py>
            name: app
            obj: <quart.app.Quart object at 0x7f71b4502f10>
        finish pytest_pycollect_makeitem --> None [hook]
        pytest_pycollect_makeitem [hook]
            collector: <Module test_app.py>
            name: config
            obj: <sidecar_http_dispatcher.config.Config object at 0x7f71b4a0f390>
        finish pytest_pycollect_makeitem --> None [hook]
        pytest_pycollect_makeitem [hook]
            collector: <Module test_app.py>
            name: pass_request
            obj: <function pass_request at 0x7f71b2782f80>
        finish pytest_pycollect_makeitem --> None [hook]
        pytest_pycollect_makeitem [hook]
            collector: <Module test_app.py>
            name: Config
            obj: <class 'sidecar_http_dispatcher.config.Config'>
        finish pytest_pycollect_makeitem --> None [hook]
        pytest_pycollect_makeitem [hook]
            collector: <Module test_app.py>
            name: read_config
            obj: <function read_config at 0x7f71b32269e0>
        finish pytest_pycollect_makeitem --> None [hook]
        pytest_pycollect_makeitem [hook]
            collector: <Module test_app.py>
            name: destination
            obj: <function destination at 0x7f71b26f9680>
        finish pytest_pycollect_makeitem --> None [hook]
        pytest_pycollect_makeitem [hook]
            collector: <Module test_app.py>
            name: ok_headers
            obj: <function ok_headers at 0x7f71b26f9f80>
        finish pytest_pycollect_makeitem --> None [hook]
        pytest_pycollect_makeitem [hook]
            collector: <Module test_app.py>
            name: testapp
            obj: <function testapp at 0x7f71b271a170>
        finish pytest_pycollect_makeitem --> None [hook]
        pytest_pycollect_makeitem [hook]
            collector: <Module test_app.py>
            name: DummyRequest
            obj: <class 'sidecar_http_dispatcher.test_app.DummyRequest'>
        finish pytest_pycollect_makeitem --> None [hook]
        pytest_pycollect_makeitem [hook]
            collector: <Module test_app.py>
            name: dummy_request_factory
            obj: <function dummy_request_factory at 0x7f71b271a290>
        finish pytest_pycollect_makeitem --> None [hook]
        pytest_pycollect_makeitem [hook]
            collector: <Module test_app.py>
            name: test_app
            obj: <function test_app at 0x7f71b271a710>
          pytest_generate_tests [hook]
              metafunc: <_pytest.python.Metafunc object at 0x7f71b270d0d0>
            pytest_make_parametrize_id [hook]
                config: <_pytest.config.Config object at 0x7f71b557ded0>
                val: /
                argname: path
            finish pytest_make_parametrize_id --> None [hook]
          early skip of rewriting module: encodings.unicode_escape [assertion]
            pytest_make_parametrize_id [hook]
                config: <_pytest.config.Config object at 0x7f71b557ded0>
                val: 200
                argname: code
            finish pytest_make_parametrize_id --> None [hook]
            pytest_make_parametrize_id [hook]
                config: <_pytest.config.Config object at 0x7f71b557ded0>
                val: /foo
                argname: path
            finish pytest_make_parametrize_id --> None [hook]
            pytest_make_parametrize_id [hook]
                config: <_pytest.config.Config object at 0x7f71b557ded0>
                val: 404
                argname: code
            finish pytest_make_parametrize_id --> None [hook]
          finish pytest_generate_tests --> [] [hook]
        finish pytest_pycollect_makeitem --> [<Function test_app[/-200]>, <Function test_app[/foo-404]>] [hook]
        pytest_pycollect_makeitem [hook]
            collector: <Module test_app.py>
            name: test_pass_request
            obj: <function test_pass_request at 0x7f71b271a5f0>
          pytest_generate_tests [hook]
              metafunc: <_pytest.python.Metafunc object at 0x7f71b270d050>
            pytest_make_parametrize_id [hook]
                config: <_pytest.config.Config object at 0x7f71b557ded0>
                val: GET
                argname: method
            finish pytest_make_parametrize_id --> None [hook]
            pytest_make_parametrize_id [hook]
                config: <_pytest.config.Config object at 0x7f71b557ded0>
                val: None
                argname: data
            finish pytest_make_parametrize_id --> None [hook]
            pytest_make_parametrize_id [hook]
                config: <_pytest.config.Config object at 0x7f71b557ded0>
                val: HEAD
                argname: method
            finish pytest_make_parametrize_id --> None [hook]
            pytest_make_parametrize_id [hook]
                config: <_pytest.config.Config object at 0x7f71b557ded0>
                val: None
                argname: data
            finish pytest_make_parametrize_id --> None [hook]
            pytest_make_parametrize_id [hook]
                config: <_pytest.config.Config object at 0x7f71b557ded0>
                val: POST
                argname: method
            finish pytest_make_parametrize_id --> None [hook]
            pytest_make_parametrize_id [hook]
                config: <_pytest.config.Config object at 0x7f71b557ded0>
                val: Foo
                argname: data
            finish pytest_make_parametrize_id --> None [hook]
            pytest_make_parametrize_id [hook]
                config: <_pytest.config.Config object at 0x7f71b557ded0>
                val: OPTIONS
                argname: method
            finish pytest_make_parametrize_id --> None [hook]
            pytest_make_parametrize_id [hook]
                config: <_pytest.config.Config object at 0x7f71b557ded0>
                val: None
                argname: data
            finish pytest_make_parametrize_id --> None [hook]
          finish pytest_generate_tests --> [] [hook]
        finish pytest_pycollect_makeitem --> [<Function test_pass_request[GET-None]>, <Function test_pass_request[HEAD-None]>, <Function test_pass_request[POST-Foo]>, <Function test_pass_request[OPTIONS-None]>] [hook]
        pytest_pycollect_makeitem [hook]
            collector: <Module test_app.py>
            name: test_read_config
            obj: <function test_read_config at 0x7f71b271a830>
          pytest_generate_tests [hook]
              metafunc: <_pytest.python.Metafunc object at 0x7f71b270d310>
          finish pytest_generate_tests --> [] [hook]
        finish pytest_pycollect_makeitem --> [<Function test_read_config>] [hook]
        pytest_pycollect_makeitem [hook]
            collector: <Module test_app.py>
            name: test_config_object
            obj: <function test_config_object at 0x7f71b271a8c0>
          pytest_generate_tests [hook]
              metafunc: <_pytest.python.Metafunc object at 0x7f71b270d450>
          finish pytest_generate_tests --> [] [hook]
        finish pytest_pycollect_makeitem --> [<Function test_config_object>] [hook]
        pytest_pycollect_makeitem [hook]
            collector: <Module test_app.py>
            name: __repr__
            obj: <slot wrapper '__repr__' of 'module' objects>
        finish pytest_pycollect_makeitem --> None [hook]
        pytest_pycollect_makeitem [hook]
            collector: <Module test_app.py>
            name: __getattribute__
            obj: <slot wrapper '__getattribute__' of 'module' objects>
        finish pytest_pycollect_makeitem --> None [hook]
        pytest_pycollect_makeitem [hook]
            collector: <Module test_app.py>
            name: __setattr__
            obj: <slot wrapper '__setattr__' of 'module' objects>
        finish pytest_pycollect_makeitem --> None [hook]
        pytest_pycollect_makeitem [hook]
            collector: <Module test_app.py>
            name: __delattr__
            obj: <slot wrapper '__delattr__' of 'module' objects>
        finish pytest_pycollect_makeitem --> None [hook]
        pytest_pycollect_makeitem [hook]
            collector: <Module test_app.py>
            name: __init__
            obj: <slot wrapper '__init__' of 'module' objects>
        finish pytest_pycollect_makeitem --> None [hook]
        pytest_pycollect_makeitem [hook]
            collector: <Module test_app.py>
            name: __new__
            obj: <built-in method __new__ of type object at 0x8526e0>
        finish pytest_pycollect_makeitem --> None [hook]
        pytest_pycollect_makeitem [hook]
            collector: <Module test_app.py>
            name: __dir__
            obj: <method '__dir__' of 'module' objects>
        finish pytest_pycollect_makeitem --> None [hook]
        pytest_pycollect_makeitem [hook]
            collector: <Module test_app.py>
            name: __dict__
            obj: <member '__dict__' of 'module' objects>
        finish pytest_pycollect_makeitem --> None [hook]
        pytest_pycollect_makeitem [hook]
            collector: <Module test_app.py>
            name: __hash__
            obj: <slot wrapper '__hash__' of 'object' objects>
        finish pytest_pycollect_makeitem --> None [hook]
        pytest_pycollect_makeitem [hook]
            collector: <Module test_app.py>
            name: __str__
            obj: <slot wrapper '__str__' of 'object' objects>
        finish pytest_pycollect_makeitem --> None [hook]
        pytest_pycollect_makeitem [hook]
            collector: <Module test_app.py>
            name: __lt__
            obj: <slot wrapper '__lt__' of 'object' objects>
        finish pytest_pycollect_makeitem --> None [hook]
        pytest_pycollect_makeitem [hook]
            collector: <Module test_app.py>
            name: __le__
            obj: <slot wrapper '__le__' of 'object' objects>
        finish pytest_pycollect_makeitem --> None [hook]
        pytest_pycollect_makeitem [hook]
            collector: <Module test_app.py>
            name: __eq__
            obj: <slot wrapper '__eq__' of 'object' objects>
        finish pytest_pycollect_makeitem --> None [hook]
        pytest_pycollect_makeitem [hook]
            collector: <Module test_app.py>
            name: __ne__
            obj: <slot wrapper '__ne__' of 'object' objects>
        finish pytest_pycollect_makeitem --> None [hook]
        pytest_pycollect_makeitem [hook]
            collector: <Module test_app.py>
            name: __gt__
            obj: <slot wrapper '__gt__' of 'object' objects>
        finish pytest_pycollect_makeitem --> None [hook]
        pytest_pycollect_makeitem [hook]
            collector: <Module test_app.py>
            name: __ge__
            obj: <slot wrapper '__ge__' of 'object' objects>
        finish pytest_pycollect_makeitem --> None [hook]
        pytest_pycollect_makeitem [hook]
            collector: <Module test_app.py>
            name: __reduce_ex__
            obj: <method '__reduce_ex__' of 'object' objects>
        finish pytest_pycollect_makeitem --> None [hook]
        pytest_pycollect_makeitem [hook]
            collector: <Module test_app.py>
            name: __reduce__
            obj: <method '__reduce__' of 'object' objects>
        finish pytest_pycollect_makeitem --> None [hook]
        pytest_pycollect_makeitem [hook]
            collector: <Module test_app.py>
            name: __subclasshook__
            obj: <method '__subclasshook__' of 'object' objects>
        finish pytest_pycollect_makeitem --> None [hook]
        pytest_pycollect_makeitem [hook]
            collector: <Module test_app.py>
            name: __init_subclass__
            obj: <method '__init_subclass__' of 'object' objects>
        finish pytest_pycollect_makeitem --> None [hook]
        pytest_pycollect_makeitem [hook]
            collector: <Module test_app.py>
            name: __format__
            obj: <method '__format__' of 'object' objects>
        finish pytest_pycollect_makeitem --> None [hook]
        pytest_pycollect_makeitem [hook]
            collector: <Module test_app.py>
            name: __sizeof__
            obj: <method '__sizeof__' of 'object' objects>
        finish pytest_pycollect_makeitem --> None [hook]
        pytest_pycollect_makeitem [hook]
            collector: <Module test_app.py>
            name: __class__
            obj: <attribute '__class__' of 'object' objects>
        finish pytest_pycollect_makeitem --> None [hook]
      finish pytest_make_collect_report --> <CollectReport 'sidecar_http_dispatcher/test_app.py' lenresult=8 outcome='passed'> [hook]
    genitems <Function test_app[/-200]> [collection]
      pytest_itemcollected [hook]
          item: <Function test_app[/-200]>
      finish pytest_itemcollected --> [] [hook]
    genitems <Function test_app[/foo-404]> [collection]
      pytest_itemcollected [hook]
          item: <Function test_app[/foo-404]>
      finish pytest_itemcollected --> [] [hook]
    genitems <Function test_pass_request[GET-None]> [collection]
      pytest_itemcollected [hook]
          item: <Function test_pass_request[GET-None]>
      finish pytest_itemcollected --> [] [hook]
    genitems <Function test_pass_request[HEAD-None]> [collection]
      pytest_itemcollected [hook]
          item: <Function test_pass_request[HEAD-None]>
      finish pytest_itemcollected --> [] [hook]
    genitems <Function test_pass_request[POST-Foo]> [collection]
      pytest_itemcollected [hook]
          item: <Function test_pass_request[POST-Foo]>
      finish pytest_itemcollected --> [] [hook]
    genitems <Function test_pass_request[OPTIONS-None]> [collection]
      pytest_itemcollected [hook]
          item: <Function test_pass_request[OPTIONS-None]>
      finish pytest_itemcollected --> [] [hook]
    genitems <Function test_read_config> [collection]
      pytest_itemcollected [hook]
          item: <Function test_read_config>
      finish pytest_itemcollected --> [] [hook]
    genitems <Function test_config_object> [collection]
      pytest_itemcollected [hook]
          item: <Function test_config_object>
      finish pytest_itemcollected --> [] [hook]
      pytest_collectreport [hook]
          report: <CollectReport 'sidecar_http_dispatcher/test_app.py' lenresult=8 outcome='passed'>
      finish pytest_collectreport --> [] [hook]
      pytest_collectreport [hook]
          report: <CollectReport 'sidecar_http_dispatcher/__init__.py' lenresult=1 outcome='passed'>
      finish pytest_collectreport --> [] [hook]
      pytest_collection_modifyitems [hook]
          session: <Session sidecar_http_dispatcher exitstatus=<ExitCode.OK: 0> testsfailed=0 testscollected=0>
          config: <_pytest.config.Config object at 0x7f71b557ded0>
          items: [<Function test_app[/-200]>, <Function test_app[/foo-404]>, <Function test_pass_request[GET-None]>, <Function test_pass_request[HEAD-None]>, <Function test_pass_request[POST-Foo]>, <Function test_pass_request[OPTIONS-None]>, <Function test_read_config>, <Function test_config_object>]
      finish pytest_collection_modifyitems --> [] [hook]
      pytest_collection_finish [hook]
          session: <Session sidecar_http_dispatcher exitstatus=<ExitCode.OK: 0> testsfailed=0 testscollected=0>
        pytest_report_collectionfinish [hook]
            config: <_pytest.config.Config object at 0x7f71b557ded0>
            startdir: /home/n0npax/workspace/sidecar_http_dispatcher
            items: [<Function test_app[/-200]>, <Function test_app[/foo-404]>, <Function test_pass_request[GET-None]>, <Function test_pass_request[HEAD-None]>, <Function test_pass_request[POST-Foo]>, <Function test_pass_request[OPTIONS-None]>, <Function test_read_config>, <Function test_config_object>]
        finish pytest_report_collectionfinish --> [] [hook]
      finish pytest_collection_finish --> [] [hook]
    finish pytest_collection --> [<Function test_app[/-200]>, <Function test_app[/foo-404]>, <Function test_pass_request[GET-None]>, <Function test_pass_request[HEAD-None]>, <Function test_pass_request[POST-Foo]>, <Function test_pass_request[OPTIONS-None]>, <Function test_read_config>, <Function test_config_object>] [hook]
    pytest_runtestloop [hook]
        session: <Session sidecar_http_dispatcher exitstatus=<ExitCode.OK: 0> testsfailed=0 testscollected=8>
      pytest_runtest_protocol [hook]
          item: <Function test_app[/-200]>
          nextitem: <Function test_app[/foo-404]>
        pytest_runtest_logstart [hook]
            nodeid: sidecar_http_dispatcher/test_app.py::test_app[/-200]
            location: ('sidecar_http_dispatcher/test_app.py', 43, 'test_app[/-200]')
        finish pytest_runtest_logstart --> [] [hook]
        pytest_runtest_setup [hook]
            item: <Function test_app[/-200]>
          pytest_fixture_setup [hook]
              fixturedef: <FixtureDef argname='event_loop' scope='function' baseid=''>
              request: <SubRequest 'event_loop' for <Function test_app[/-200]>>
          finish pytest_fixture_setup --> <_UnixSelectorEventLoop running=False closed=False debug=False> [hook]
          pytest_fixture_setup [hook]
              fixturedef: <FixtureDef argname='path' scope='function' baseid=''>
              request: <SubRequest 'path' for <Function test_app[/-200]>>
          finish pytest_fixture_setup --> / [hook]
          pytest_fixture_setup [hook]
              fixturedef: <FixtureDef argname='code' scope='function' baseid=''>
              request: <SubRequest 'code' for <Function test_app[/-200]>>
          finish pytest_fixture_setup --> 200 [hook]
          pytest_fixture_setup [hook]
              fixturedef: <FixtureDef argname='testapp' scope='function' baseid='sidecar_http_dispatcher/test_app.py'>
              request: <SubRequest 'testapp' for <Function test_app[/-200]>>
          finish pytest_fixture_setup --> <quart.app.Quart object at 0x7f71b4502f10> [hook]
          pytest_fixture_setup [hook]
              fixturedef: <FixtureDef argname='ok_headers' scope='function' baseid='sidecar_http_dispatcher/test_app.py'>
              request: <SubRequest 'ok_headers' for <Function test_app[/-200]>>
          finish pytest_fixture_setup --> [hook]
              environment: dev
        finish pytest_runtest_setup --> [] [hook]
        pytest_runtest_makereport [hook]
            item: <Function test_app[/-200]>
            call: <CallInfo when='setup' result: []>
        finish pytest_runtest_makereport --> <TestReport 'sidecar_http_dispatcher/test_app.py::test_app[/-200]' when='setup' outcome='passed'> [hook]
        pytest_runtest_logreport [hook]
            report: <TestReport 'sidecar_http_dispatcher/test_app.py::test_app[/-200]' when='setup' outcome='passed'>
          pytest_report_teststatus [hook]
              report: <TestReport 'sidecar_http_dispatcher/test_app.py::test_app[/-200]' when='setup' outcome='passed'>
              config: <_pytest.config.Config object at 0x7f71b557ded0>
          finish pytest_report_teststatus --> ('', '', '') [hook]
        finish pytest_runtest_logreport --> [] [hook]
        pytest_runtest_call [hook]
            item: <Function test_app[/-200]>
          pytest_pyfunc_call [hook]
              pyfuncitem: <Function test_app[/-200]>
          early skip of rewriting module: asynctest [assertion]
          early skip of rewriting module: asynctest [assertion]
          early skip of rewriting module: concurrent.futures.thread [assertion]
          finish pytest_pyfunc_call --> True [hook]
        finish pytest_runtest_call --> [] [hook]
        pytest_runtest_makereport [hook]
            item: <Function test_app[/-200]>
            call: <CallInfo when='call' result: []>
        finish pytest_runtest_makereport --> <TestReport 'sidecar_http_dispatcher/test_app.py::test_app[/-200]' when='call' outcome='passed'> [hook]
        pytest_runtest_logreport [hook]
            report: <TestReport 'sidecar_http_dispatcher/test_app.py::test_app[/-200]' when='call' outcome='passed'>
          pytest_report_teststatus [hook]
              report: <TestReport 'sidecar_http_dispatcher/test_app.py::test_app[/-200]' when='call' outcome='passed'>
              config: <_pytest.config.Config object at 0x7f71b557ded0>
          finish pytest_report_teststatus --> ('passed', '.', 'PASSED') [hook]
        finish pytest_runtest_logreport --> [] [hook]
        pytest_runtest_teardown [hook]
            item: <Function test_app[/-200]>
            nextitem: <Function test_app[/foo-404]>
          pytest_fixture_post_finalizer [hook]
              fixturedef: <FixtureDef argname='ok_headers' scope='function' baseid='sidecar_http_dispatcher/test_app.py'>
              request: <SubRequest 'ok_headers' for <Function test_app[/-200]>>
          finish pytest_fixture_post_finalizer --> [] [hook]
          pytest_fixture_post_finalizer [hook]
              fixturedef: <FixtureDef argname='testapp' scope='function' baseid='sidecar_http_dispatcher/test_app.py'>
              request: <SubRequest 'testapp' for <Function test_app[/-200]>>
          finish pytest_fixture_post_finalizer --> [] [hook]
          pytest_fixture_post_finalizer [hook]
              fixturedef: <FixtureDef argname='code' scope='function' baseid=''>
              request: <SubRequest 'code' for <Function test_app[/-200]>>
          finish pytest_fixture_post_finalizer --> [] [hook]
          pytest_fixture_post_finalizer [hook]
              fixturedef: <FixtureDef argname='path' scope='function' baseid=''>
              request: <SubRequest 'path' for <Function test_app[/-200]>>
          finish pytest_fixture_post_finalizer --> [] [hook]
          pytest_fixture_post_finalizer [hook]
              fixturedef: <FixtureDef argname='event_loop' scope='function' baseid=''>
              request: <SubRequest 'event_loop' for <Function test_app[/-200]>>
          finish pytest_fixture_post_finalizer --> [] [hook]
        finish pytest_runtest_teardown --> [] [hook]
        pytest_runtest_makereport [hook]
            item: <Function test_app[/-200]>
            call: <CallInfo when='teardown' result: []>
        finish pytest_runtest_makereport --> <TestReport 'sidecar_http_dispatcher/test_app.py::test_app[/-200]' when='teardown' outcome='passed'> [hook]
        pytest_runtest_logreport [hook]
            report: <TestReport 'sidecar_http_dispatcher/test_app.py::test_app[/-200]' when='teardown' outcome='passed'>
          pytest_report_teststatus [hook]
              report: <TestReport 'sidecar_http_dispatcher/test_app.py::test_app[/-200]' when='teardown' outcome='passed'>
              config: <_pytest.config.Config object at 0x7f71b557ded0>
          finish pytest_report_teststatus --> ('', '', '') [hook]
        finish pytest_runtest_logreport --> [] [hook]
        pytest_runtest_logfinish [hook]
            nodeid: sidecar_http_dispatcher/test_app.py::test_app[/-200]
            location: ('sidecar_http_dispatcher/test_app.py', 43, 'test_app[/-200]')
        finish pytest_runtest_logfinish --> [] [hook]
      finish pytest_runtest_protocol --> True [hook]
      pytest_runtest_protocol [hook]
          item: <Function test_app[/foo-404]>
          nextitem: <Function test_pass_request[GET-None]>
        pytest_runtest_logstart [hook]
            nodeid: sidecar_http_dispatcher/test_app.py::test_app[/foo-404]
            location: ('sidecar_http_dispatcher/test_app.py', 43, 'test_app[/foo-404]')
        finish pytest_runtest_logstart --> [] [hook]
        pytest_runtest_setup [hook]
            item: <Function test_app[/foo-404]>
          pytest_fixture_setup [hook]
              fixturedef: <FixtureDef argname='event_loop' scope='function' baseid=''>
              request: <SubRequest 'event_loop' for <Function test_app[/foo-404]>>
          finish pytest_fixture_setup --> <_UnixSelectorEventLoop running=False closed=False debug=False> [hook]
          pytest_fixture_setup [hook]
              fixturedef: <FixtureDef argname='path' scope='function' baseid=''>
              request: <SubRequest 'path' for <Function test_app[/foo-404]>>
          finish pytest_fixture_setup --> /foo [hook]
          pytest_fixture_setup [hook]
              fixturedef: <FixtureDef argname='code' scope='function' baseid=''>
              request: <SubRequest 'code' for <Function test_app[/foo-404]>>
          finish pytest_fixture_setup --> 404 [hook]
          pytest_fixture_setup [hook]
              fixturedef: <FixtureDef argname='testapp' scope='function' baseid='sidecar_http_dispatcher/test_app.py'>
              request: <SubRequest 'testapp' for <Function test_app[/foo-404]>>
          finish pytest_fixture_setup --> <quart.app.Quart object at 0x7f71b4502f10> [hook]
          pytest_fixture_setup [hook]
              fixturedef: <FixtureDef argname='ok_headers' scope='function' baseid='sidecar_http_dispatcher/test_app.py'>
              request: <SubRequest 'ok_headers' for <Function test_app[/foo-404]>>
          finish pytest_fixture_setup --> [hook]
              environment: dev
        finish pytest_runtest_setup --> [] [hook]
        pytest_runtest_makereport [hook]
            item: <Function test_app[/foo-404]>
            call: <CallInfo when='setup' result: []>
        finish pytest_runtest_makereport --> <TestReport 'sidecar_http_dispatcher/test_app.py::test_app[/foo-404]' when='setup' outcome='passed'> [hook]
        pytest_runtest_logreport [hook]
            report: <TestReport 'sidecar_http_dispatcher/test_app.py::test_app[/foo-404]' when='setup' outcome='passed'>
          pytest_report_teststatus [hook]
              report: <TestReport 'sidecar_http_dispatcher/test_app.py::test_app[/foo-404]' when='setup' outcome='passed'>
              config: <_pytest.config.Config object at 0x7f71b557ded0>
          finish pytest_report_teststatus --> ('', '', '') [hook]
        finish pytest_runtest_logreport --> [] [hook]
        pytest_runtest_call [hook]
            item: <Function test_app[/foo-404]>
          pytest_pyfunc_call [hook]
              pyfuncitem: <Function test_app[/foo-404]>
          early skip of rewriting module: asynctest [assertion]
          early skip of rewriting module: asynctest [assertion]
          finish pytest_pyfunc_call --> True [hook]
        finish pytest_runtest_call --> [] [hook]
        pytest_runtest_makereport [hook]
            item: <Function test_app[/foo-404]>
            call: <CallInfo when='call' result: []>
        finish pytest_runtest_makereport --> <TestReport 'sidecar_http_dispatcher/test_app.py::test_app[/foo-404]' when='call' outcome='passed'> [hook]
        pytest_runtest_logreport [hook]
            report: <TestReport 'sidecar_http_dispatcher/test_app.py::test_app[/foo-404]' when='call' outcome='passed'>
          pytest_report_teststatus [hook]
              report: <TestReport 'sidecar_http_dispatcher/test_app.py::test_app[/foo-404]' when='call' outcome='passed'>
              config: <_pytest.config.Config object at 0x7f71b557ded0>
          finish pytest_report_teststatus --> ('passed', '.', 'PASSED') [hook]
        finish pytest_runtest_logreport --> [] [hook]
        pytest_runtest_teardown [hook]
            item: <Function test_app[/foo-404]>
            nextitem: <Function test_pass_request[GET-None]>
          pytest_fixture_post_finalizer [hook]
              fixturedef: <FixtureDef argname='ok_headers' scope='function' baseid='sidecar_http_dispatcher/test_app.py'>
              request: <SubRequest 'ok_headers' for <Function test_app[/foo-404]>>
          finish pytest_fixture_post_finalizer --> [] [hook]
          pytest_fixture_post_finalizer [hook]
              fixturedef: <FixtureDef argname='testapp' scope='function' baseid='sidecar_http_dispatcher/test_app.py'>
              request: <SubRequest 'testapp' for <Function test_app[/foo-404]>>
          finish pytest_fixture_post_finalizer --> [] [hook]
          pytest_fixture_post_finalizer [hook]
              fixturedef: <FixtureDef argname='code' scope='function' baseid=''>
              request: <SubRequest 'code' for <Function test_app[/foo-404]>>
          finish pytest_fixture_post_finalizer --> [] [hook]
          pytest_fixture_post_finalizer [hook]
              fixturedef: <FixtureDef argname='path' scope='function' baseid=''>
              request: <SubRequest 'path' for <Function test_app[/foo-404]>>
          finish pytest_fixture_post_finalizer --> [] [hook]
          pytest_fixture_post_finalizer [hook]
              fixturedef: <FixtureDef argname='event_loop' scope='function' baseid=''>
              request: <SubRequest 'event_loop' for <Function test_app[/foo-404]>>
          finish pytest_fixture_post_finalizer --> [] [hook]
        finish pytest_runtest_teardown --> [] [hook]
        pytest_runtest_makereport [hook]
            item: <Function test_app[/foo-404]>
            call: <CallInfo when='teardown' result: []>
        finish pytest_runtest_makereport --> <TestReport 'sidecar_http_dispatcher/test_app.py::test_app[/foo-404]' when='teardown' outcome='passed'> [hook]
        pytest_runtest_logreport [hook]
            report: <TestReport 'sidecar_http_dispatcher/test_app.py::test_app[/foo-404]' when='teardown' outcome='passed'>
          pytest_report_teststatus [hook]
              report: <TestReport 'sidecar_http_dispatcher/test_app.py::test_app[/foo-404]' when='teardown' outcome='passed'>
              config: <_pytest.config.Config object at 0x7f71b557ded0>
          finish pytest_report_teststatus --> ('', '', '') [hook]
        finish pytest_runtest_logreport --> [] [hook]
        pytest_runtest_logfinish [hook]
            nodeid: sidecar_http_dispatcher/test_app.py::test_app[/foo-404]
            location: ('sidecar_http_dispatcher/test_app.py', 43, 'test_app[/foo-404]')
        finish pytest_runtest_logfinish --> [] [hook]
      finish pytest_runtest_protocol --> True [hook]
      pytest_runtest_protocol [hook]
          item: <Function test_pass_request[GET-None]>
          nextitem: <Function test_pass_request[HEAD-None]>
        pytest_runtest_logstart [hook]
            nodeid: sidecar_http_dispatcher/test_app.py::test_pass_request[GET-None]
            location: ('sidecar_http_dispatcher/test_app.py', 53, 'test_pass_request[GET-None]')
        finish pytest_runtest_logstart --> [] [hook]
        pytest_runtest_setup [hook]
            item: <Function test_pass_request[GET-None]>
          pytest_fixture_setup [hook]
              fixturedef: <FixtureDef argname='event_loop' scope='function' baseid=''>
              request: <SubRequest 'event_loop' for <Function test_pass_request[GET-None]>>
          finish pytest_fixture_setup --> <_UnixSelectorEventLoop running=False closed=False debug=False> [hook]
          pytest_fixture_setup [hook]
              fixturedef: <FixtureDef argname='method' scope='function' baseid=''>
              request: <SubRequest 'method' for <Function test_pass_request[GET-None]>>
          finish pytest_fixture_setup --> GET [hook]
          pytest_fixture_setup [hook]
              fixturedef: <FixtureDef argname='data' scope='function' baseid=''>
              request: <SubRequest 'data' for <Function test_pass_request[GET-None]>>
          finish pytest_fixture_setup --> None [hook]
          pytest_fixture_setup [hook]
              fixturedef: <FixtureDef argname='destination' scope='function' baseid='sidecar_http_dispatcher/test_app.py'>
              request: <SubRequest 'destination' for <Function test_pass_request[GET-None]>>
          finish pytest_fixture_setup --> https://example.com [hook]
        finish pytest_runtest_setup --> [] [hook]
        pytest_runtest_makereport [hook]
            item: <Function test_pass_request[GET-None]>
            call: <CallInfo when='setup' result: []>
        finish pytest_runtest_makereport --> <TestReport 'sidecar_http_dispatcher/test_app.py::test_pass_request[GET-None]' when='setup' outcome='passed'> [hook]
        pytest_runtest_logreport [hook]
            report: <TestReport 'sidecar_http_dispatcher/test_app.py::test_pass_request[GET-None]' when='setup' outcome='passed'>
          pytest_report_teststatus [hook]
              report: <TestReport 'sidecar_http_dispatcher/test_app.py::test_pass_request[GET-None]' when='setup' outcome='passed'>
              config: <_pytest.config.Config object at 0x7f71b557ded0>
          finish pytest_report_teststatus --> ('', '', '') [hook]
        finish pytest_runtest_logreport --> [] [hook]
        pytest_runtest_call [hook]
            item: <Function test_pass_request[GET-None]>
          pytest_pyfunc_call [hook]
              pyfuncitem: <Function test_pass_request[GET-None]>
          finish pytest_pyfunc_call --> True [hook]
        finish pytest_runtest_call --> [] [hook]
        pytest_runtest_makereport [hook]
            item: <Function test_pass_request[GET-None]>
            call: <CallInfo when='call' result: []>
        finish pytest_runtest_makereport --> <TestReport 'sidecar_http_dispatcher/test_app.py::test_pass_request[GET-None]' when='call' outcome='passed'> [hook]
        pytest_runtest_logreport [hook]
            report: <TestReport 'sidecar_http_dispatcher/test_app.py::test_pass_request[GET-None]' when='call' outcome='passed'>
          pytest_report_teststatus [hook]
              report: <TestReport 'sidecar_http_dispatcher/test_app.py::test_pass_request[GET-None]' when='call' outcome='passed'>
              config: <_pytest.config.Config object at 0x7f71b557ded0>
          finish pytest_report_teststatus --> ('passed', '.', 'PASSED') [hook]
        finish pytest_runtest_logreport --> [] [hook]
        pytest_runtest_teardown [hook]
            item: <Function test_pass_request[GET-None]>
            nextitem: <Function test_pass_request[HEAD-None]>
          pytest_fixture_post_finalizer [hook]
              fixturedef: <FixtureDef argname='destination' scope='function' baseid='sidecar_http_dispatcher/test_app.py'>
              request: <SubRequest 'destination' for <Function test_pass_request[GET-None]>>
          finish pytest_fixture_post_finalizer --> [] [hook]
          pytest_fixture_post_finalizer [hook]
              fixturedef: <FixtureDef argname='data' scope='function' baseid=''>
              request: <SubRequest 'data' for <Function test_pass_request[GET-None]>>
          finish pytest_fixture_post_finalizer --> [] [hook]
          pytest_fixture_post_finalizer [hook]
              fixturedef: <FixtureDef argname='method' scope='function' baseid=''>
              request: <SubRequest 'method' for <Function test_pass_request[GET-None]>>
          finish pytest_fixture_post_finalizer --> [] [hook]
          pytest_fixture_post_finalizer [hook]
              fixturedef: <FixtureDef argname='event_loop' scope='function' baseid=''>
              request: <SubRequest 'event_loop' for <Function test_pass_request[GET-None]>>
          finish pytest_fixture_post_finalizer --> [] [hook]
        finish pytest_runtest_teardown --> [] [hook]
        pytest_runtest_makereport [hook]
            item: <Function test_pass_request[GET-None]>
            call: <CallInfo when='teardown' result: []>
        finish pytest_runtest_makereport --> <TestReport 'sidecar_http_dispatcher/test_app.py::test_pass_request[GET-None]' when='teardown' outcome='passed'> [hook]
        pytest_runtest_logreport [hook]
            report: <TestReport 'sidecar_http_dispatcher/test_app.py::test_pass_request[GET-None]' when='teardown' outcome='passed'>
          pytest_report_teststatus [hook]
              report: <TestReport 'sidecar_http_dispatcher/test_app.py::test_pass_request[GET-None]' when='teardown' outcome='passed'>
              config: <_pytest.config.Config object at 0x7f71b557ded0>
          finish pytest_report_teststatus --> ('', '', '') [hook]
        finish pytest_runtest_logreport --> [] [hook]
        pytest_runtest_logfinish [hook]
            nodeid: sidecar_http_dispatcher/test_app.py::test_pass_request[GET-None]
            location: ('sidecar_http_dispatcher/test_app.py', 53, 'test_pass_request[GET-None]')
        finish pytest_runtest_logfinish --> [] [hook]
      finish pytest_runtest_protocol --> True [hook]
      pytest_runtest_protocol [hook]
          item: <Function test_pass_request[HEAD-None]>
          nextitem: <Function test_pass_request[POST-Foo]>
        pytest_runtest_logstart [hook]
            nodeid: sidecar_http_dispatcher/test_app.py::test_pass_request[HEAD-None]
            location: ('sidecar_http_dispatcher/test_app.py', 53, 'test_pass_request[HEAD-None]')
        finish pytest_runtest_logstart --> [] [hook]
        pytest_runtest_setup [hook]
            item: <Function test_pass_request[HEAD-None]>
          pytest_fixture_setup [hook]
              fixturedef: <FixtureDef argname='event_loop' scope='function' baseid=''>
              request: <SubRequest 'event_loop' for <Function test_pass_request[HEAD-None]>>
          finish pytest_fixture_setup --> <_UnixSelectorEventLoop running=False closed=False debug=False> [hook]
          pytest_fixture_setup [hook]
              fixturedef: <FixtureDef argname='method' scope='function' baseid=''>
              request: <SubRequest 'method' for <Function test_pass_request[HEAD-None]>>
          finish pytest_fixture_setup --> HEAD [hook]
          pytest_fixture_setup [hook]
              fixturedef: <FixtureDef argname='data' scope='function' baseid=''>
              request: <SubRequest 'data' for <Function test_pass_request[HEAD-None]>>
          finish pytest_fixture_setup --> None [hook]
          pytest_fixture_setup [hook]
              fixturedef: <FixtureDef argname='destination' scope='function' baseid='sidecar_http_dispatcher/test_app.py'>
              request: <SubRequest 'destination' for <Function test_pass_request[HEAD-None]>>
          finish pytest_fixture_setup --> https://example.com [hook]
        finish pytest_runtest_setup --> [] [hook]
        pytest_runtest_makereport [hook]
            item: <Function test_pass_request[HEAD-None]>
            call: <CallInfo when='setup' result: []>
        finish pytest_runtest_makereport --> <TestReport 'sidecar_http_dispatcher/test_app.py::test_pass_request[HEAD-None]' when='setup' outcome='passed'> [hook]
        pytest_runtest_logreport [hook]
            report: <TestReport 'sidecar_http_dispatcher/test_app.py::test_pass_request[HEAD-None]' when='setup' outcome='passed'>
          pytest_report_teststatus [hook]
              report: <TestReport 'sidecar_http_dispatcher/test_app.py::test_pass_request[HEAD-None]' when='setup' outcome='passed'>
              config: <_pytest.config.Config object at 0x7f71b557ded0>
          finish pytest_report_teststatus --> ('', '', '') [hook]
        finish pytest_runtest_logreport --> [] [hook]
        pytest_runtest_call [hook]
            item: <Function test_pass_request[HEAD-None]>
          pytest_pyfunc_call [hook]
              pyfuncitem: <Function test_pass_request[HEAD-None]>
          finish pytest_pyfunc_call --> True [hook]
        finish pytest_runtest_call --> [] [hook]
        pytest_runtest_makereport [hook]
            item: <Function test_pass_request[HEAD-None]>
            call: <CallInfo when='call' result: []>
        finish pytest_runtest_makereport --> <TestReport 'sidecar_http_dispatcher/test_app.py::test_pass_request[HEAD-None]' when='call' outcome='passed'> [hook]
        pytest_runtest_logreport [hook]
            report: <TestReport 'sidecar_http_dispatcher/test_app.py::test_pass_request[HEAD-None]' when='call' outcome='passed'>
          pytest_report_teststatus [hook]
              report: <TestReport 'sidecar_http_dispatcher/test_app.py::test_pass_request[HEAD-None]' when='call' outcome='passed'>
              config: <_pytest.config.Config object at 0x7f71b557ded0>
          finish pytest_report_teststatus --> ('passed', '.', 'PASSED') [hook]
        finish pytest_runtest_logreport --> [] [hook]
        pytest_runtest_teardown [hook]
            item: <Function test_pass_request[HEAD-None]>
            nextitem: <Function test_pass_request[POST-Foo]>
          pytest_fixture_post_finalizer [hook]
              fixturedef: <FixtureDef argname='destination' scope='function' baseid='sidecar_http_dispatcher/test_app.py'>
              request: <SubRequest 'destination' for <Function test_pass_request[HEAD-None]>>
          finish pytest_fixture_post_finalizer --> [] [hook]
          pytest_fixture_post_finalizer [hook]
              fixturedef: <FixtureDef argname='data' scope='function' baseid=''>
              request: <SubRequest 'data' for <Function test_pass_request[HEAD-None]>>
          finish pytest_fixture_post_finalizer --> [] [hook]
          pytest_fixture_post_finalizer [hook]
              fixturedef: <FixtureDef argname='method' scope='function' baseid=''>
              request: <SubRequest 'method' for <Function test_pass_request[HEAD-None]>>
          finish pytest_fixture_post_finalizer --> [] [hook]
          pytest_fixture_post_finalizer [hook]
              fixturedef: <FixtureDef argname='event_loop' scope='function' baseid=''>
              request: <SubRequest 'event_loop' for <Function test_pass_request[HEAD-None]>>
          finish pytest_fixture_post_finalizer --> [] [hook]
        finish pytest_runtest_teardown --> [] [hook]
        pytest_runtest_makereport [hook]
            item: <Function test_pass_request[HEAD-None]>
            call: <CallInfo when='teardown' result: []>
        finish pytest_runtest_makereport --> <TestReport 'sidecar_http_dispatcher/test_app.py::test_pass_request[HEAD-None]' when='teardown' outcome='passed'> [hook]
        pytest_runtest_logreport [hook]
            report: <TestReport 'sidecar_http_dispatcher/test_app.py::test_pass_request[HEAD-None]' when='teardown' outcome='passed'>
          pytest_report_teststatus [hook]
              report: <TestReport 'sidecar_http_dispatcher/test_app.py::test_pass_request[HEAD-None]' when='teardown' outcome='passed'>
              config: <_pytest.config.Config object at 0x7f71b557ded0>
          finish pytest_report_teststatus --> ('', '', '') [hook]
        finish pytest_runtest_logreport --> [] [hook]
        pytest_runtest_logfinish [hook]
            nodeid: sidecar_http_dispatcher/test_app.py::test_pass_request[HEAD-None]
            location: ('sidecar_http_dispatcher/test_app.py', 53, 'test_pass_request[HEAD-None]')
        finish pytest_runtest_logfinish --> [] [hook]
      finish pytest_runtest_protocol --> True [hook]
      pytest_runtest_protocol [hook]
          item: <Function test_pass_request[POST-Foo]>
          nextitem: <Function test_pass_request[OPTIONS-None]>
        pytest_runtest_logstart [hook]
            nodeid: sidecar_http_dispatcher/test_app.py::test_pass_request[POST-Foo]
            location: ('sidecar_http_dispatcher/test_app.py', 53, 'test_pass_request[POST-Foo]')
        finish pytest_runtest_logstart --> [] [hook]
        pytest_runtest_setup [hook]
            item: <Function test_pass_request[POST-Foo]>
          pytest_fixture_setup [hook]
              fixturedef: <FixtureDef argname='event_loop' scope='function' baseid=''>
              request: <SubRequest 'event_loop' for <Function test_pass_request[POST-Foo]>>
          finish pytest_fixture_setup --> <_UnixSelectorEventLoop running=False closed=False debug=False> [hook]
          pytest_fixture_setup [hook]
              fixturedef: <FixtureDef argname='method' scope='function' baseid=''>
              request: <SubRequest 'method' for <Function test_pass_request[POST-Foo]>>
          finish pytest_fixture_setup --> POST [hook]
          pytest_fixture_setup [hook]
              fixturedef: <FixtureDef argname='data' scope='function' baseid=''>
              request: <SubRequest 'data' for <Function test_pass_request[POST-Foo]>>
          finish pytest_fixture_setup --> Foo [hook]
          pytest_fixture_setup [hook]
              fixturedef: <FixtureDef argname='destination' scope='function' baseid='sidecar_http_dispatcher/test_app.py'>
              request: <SubRequest 'destination' for <Function test_pass_request[POST-Foo]>>
          finish pytest_fixture_setup --> https://example.com [hook]
        finish pytest_runtest_setup --> [] [hook]
        pytest_runtest_makereport [hook]
            item: <Function test_pass_request[POST-Foo]>
            call: <CallInfo when='setup' result: []>
        finish pytest_runtest_makereport --> <TestReport 'sidecar_http_dispatcher/test_app.py::test_pass_request[POST-Foo]' when='setup' outcome='passed'> [hook]
        pytest_runtest_logreport [hook]
            report: <TestReport 'sidecar_http_dispatcher/test_app.py::test_pass_request[POST-Foo]' when='setup' outcome='passed'>
          pytest_report_teststatus [hook]
              report: <TestReport 'sidecar_http_dispatcher/test_app.py::test_pass_request[POST-Foo]' when='setup' outcome='passed'>
              config: <_pytest.config.Config object at 0x7f71b557ded0>
          finish pytest_report_teststatus --> ('', '', '') [hook]
        finish pytest_runtest_logreport --> [] [hook]
        pytest_runtest_call [hook]
            item: <Function test_pass_request[POST-Foo]>
          pytest_pyfunc_call [hook]
              pyfuncitem: <Function test_pass_request[POST-Foo]>
          finish pytest_pyfunc_call --> True [hook]
        finish pytest_runtest_call --> [] [hook]
        pytest_runtest_makereport [hook]
            item: <Function test_pass_request[POST-Foo]>
            call: <CallInfo when='call' result: []>
        finish pytest_runtest_makereport --> <TestReport 'sidecar_http_dispatcher/test_app.py::test_pass_request[POST-Foo]' when='call' outcome='passed'> [hook]
        pytest_runtest_logreport [hook]
            report: <TestReport 'sidecar_http_dispatcher/test_app.py::test_pass_request[POST-Foo]' when='call' outcome='passed'>
          pytest_report_teststatus [hook]
              report: <TestReport 'sidecar_http_dispatcher/test_app.py::test_pass_request[POST-Foo]' when='call' outcome='passed'>
              config: <_pytest.config.Config object at 0x7f71b557ded0>
          finish pytest_report_teststatus --> ('passed', '.', 'PASSED') [hook]
        finish pytest_runtest_logreport --> [] [hook]
        pytest_runtest_teardown [hook]
            item: <Function test_pass_request[POST-Foo]>
            nextitem: <Function test_pass_request[OPTIONS-None]>
          pytest_fixture_post_finalizer [hook]
              fixturedef: <FixtureDef argname='destination' scope='function' baseid='sidecar_http_dispatcher/test_app.py'>
              request: <SubRequest 'destination' for <Function test_pass_request[POST-Foo]>>
          finish pytest_fixture_post_finalizer --> [] [hook]
          pytest_fixture_post_finalizer [hook]
              fixturedef: <FixtureDef argname='data' scope='function' baseid=''>
              request: <SubRequest 'data' for <Function test_pass_request[POST-Foo]>>
          finish pytest_fixture_post_finalizer --> [] [hook]
          pytest_fixture_post_finalizer [hook]
              fixturedef: <FixtureDef argname='method' scope='function' baseid=''>
              request: <SubRequest 'method' for <Function test_pass_request[POST-Foo]>>
          finish pytest_fixture_post_finalizer --> [] [hook]
          pytest_fixture_post_finalizer [hook]
              fixturedef: <FixtureDef argname='event_loop' scope='function' baseid=''>
              request: <SubRequest 'event_loop' for <Function test_pass_request[POST-Foo]>>
          finish pytest_fixture_post_finalizer --> [] [hook]
        finish pytest_runtest_teardown --> [] [hook]
        pytest_runtest_makereport [hook]
            item: <Function test_pass_request[POST-Foo]>
            call: <CallInfo when='teardown' result: []>
        finish pytest_runtest_makereport --> <TestReport 'sidecar_http_dispatcher/test_app.py::test_pass_request[POST-Foo]' when='teardown' outcome='passed'> [hook]
        pytest_runtest_logreport [hook]
            report: <TestReport 'sidecar_http_dispatcher/test_app.py::test_pass_request[POST-Foo]' when='teardown' outcome='passed'>
          pytest_report_teststatus [hook]
              report: <TestReport 'sidecar_http_dispatcher/test_app.py::test_pass_request[POST-Foo]' when='teardown' outcome='passed'>
              config: <_pytest.config.Config object at 0x7f71b557ded0>
          finish pytest_report_teststatus --> ('', '', '') [hook]
        finish pytest_runtest_logreport --> [] [hook]
        pytest_runtest_logfinish [hook]
            nodeid: sidecar_http_dispatcher/test_app.py::test_pass_request[POST-Foo]
            location: ('sidecar_http_dispatcher/test_app.py', 53, 'test_pass_request[POST-Foo]')
        finish pytest_runtest_logfinish --> [] [hook]
      finish pytest_runtest_protocol --> True [hook]
      pytest_runtest_protocol [hook]
          item: <Function test_pass_request[OPTIONS-None]>
          nextitem: <Function test_read_config>
        pytest_runtest_logstart [hook]
            nodeid: sidecar_http_dispatcher/test_app.py::test_pass_request[OPTIONS-None]
            location: ('sidecar_http_dispatcher/test_app.py', 53, 'test_pass_request[OPTIONS-None]')
        finish pytest_runtest_logstart --> [] [hook]
        pytest_runtest_setup [hook]
            item: <Function test_pass_request[OPTIONS-None]>
          pytest_fixture_setup [hook]
              fixturedef: <FixtureDef argname='event_loop' scope='function' baseid=''>
              request: <SubRequest 'event_loop' for <Function test_pass_request[OPTIONS-None]>>
          finish pytest_fixture_setup --> <_UnixSelectorEventLoop running=False closed=False debug=False> [hook]
          pytest_fixture_setup [hook]
              fixturedef: <FixtureDef argname='method' scope='function' baseid=''>
              request: <SubRequest 'method' for <Function test_pass_request[OPTIONS-None]>>
          finish pytest_fixture_setup --> OPTIONS [hook]
          pytest_fixture_setup [hook]
              fixturedef: <FixtureDef argname='data' scope='function' baseid=''>
              request: <SubRequest 'data' for <Function test_pass_request[OPTIONS-None]>>
          finish pytest_fixture_setup --> None [hook]
          pytest_fixture_setup [hook]
              fixturedef: <FixtureDef argname='destination' scope='function' baseid='sidecar_http_dispatcher/test_app.py'>
              request: <SubRequest 'destination' for <Function test_pass_request[OPTIONS-None]>>
          finish pytest_fixture_setup --> https://example.com [hook]
        finish pytest_runtest_setup --> [] [hook]
        pytest_runtest_makereport [hook]
            item: <Function test_pass_request[OPTIONS-None]>
            call: <CallInfo when='setup' result: []>
        finish pytest_runtest_makereport --> <TestReport 'sidecar_http_dispatcher/test_app.py::test_pass_request[OPTIONS-None]' when='setup' outcome='passed'> [hook]
        pytest_runtest_logreport [hook]
            report: <TestReport 'sidecar_http_dispatcher/test_app.py::test_pass_request[OPTIONS-None]' when='setup' outcome='passed'>
          pytest_report_teststatus [hook]
              report: <TestReport 'sidecar_http_dispatcher/test_app.py::test_pass_request[OPTIONS-None]' when='setup' outcome='passed'>
              config: <_pytest.config.Config object at 0x7f71b557ded0>
          finish pytest_report_teststatus --> ('', '', '') [hook]
        finish pytest_runtest_logreport --> [] [hook]
        pytest_runtest_call [hook]
            item: <Function test_pass_request[OPTIONS-None]>
          pytest_pyfunc_call [hook]
              pyfuncitem: <Function test_pass_request[OPTIONS-None]>
          finish pytest_pyfunc_call --> True [hook]
        finish pytest_runtest_call --> [] [hook]
        pytest_runtest_makereport [hook]
            item: <Function test_pass_request[OPTIONS-None]>
            call: <CallInfo when='call' result: []>
        finish pytest_runtest_makereport --> <TestReport 'sidecar_http_dispatcher/test_app.py::test_pass_request[OPTIONS-None]' when='call' outcome='passed'> [hook]
        pytest_runtest_logreport [hook]
            report: <TestReport 'sidecar_http_dispatcher/test_app.py::test_pass_request[OPTIONS-None]' when='call' outcome='passed'>
          pytest_report_teststatus [hook]
              report: <TestReport 'sidecar_http_dispatcher/test_app.py::test_pass_request[OPTIONS-None]' when='call' outcome='passed'>
              config: <_pytest.config.Config object at 0x7f71b557ded0>
          finish pytest_report_teststatus --> ('passed', '.', 'PASSED') [hook]
        finish pytest_runtest_logreport --> [] [hook]
        pytest_runtest_teardown [hook]
            item: <Function test_pass_request[OPTIONS-None]>
            nextitem: <Function test_read_config>
          pytest_fixture_post_finalizer [hook]
              fixturedef: <FixtureDef argname='destination' scope='function' baseid='sidecar_http_dispatcher/test_app.py'>
              request: <SubRequest 'destination' for <Function test_pass_request[OPTIONS-None]>>
          finish pytest_fixture_post_finalizer --> [] [hook]
          pytest_fixture_post_finalizer [hook]
              fixturedef: <FixtureDef argname='data' scope='function' baseid=''>
              request: <SubRequest 'data' for <Function test_pass_request[OPTIONS-None]>>
          finish pytest_fixture_post_finalizer --> [] [hook]
          pytest_fixture_post_finalizer [hook]
              fixturedef: <FixtureDef argname='method' scope='function' baseid=''>
              request: <SubRequest 'method' for <Function test_pass_request[OPTIONS-None]>>
          finish pytest_fixture_post_finalizer --> [] [hook]
          pytest_fixture_post_finalizer [hook]
              fixturedef: <FixtureDef argname='event_loop' scope='function' baseid=''>
              request: <SubRequest 'event_loop' for <Function test_pass_request[OPTIONS-None]>>
          finish pytest_fixture_post_finalizer --> [] [hook]
        finish pytest_runtest_teardown --> [] [hook]
        pytest_runtest_makereport [hook]
            item: <Function test_pass_request[OPTIONS-None]>
            call: <CallInfo when='teardown' result: []>
        finish pytest_runtest_makereport --> <TestReport 'sidecar_http_dispatcher/test_app.py::test_pass_request[OPTIONS-None]' when='teardown' outcome='passed'> [hook]
        pytest_runtest_logreport [hook]
            report: <TestReport 'sidecar_http_dispatcher/test_app.py::test_pass_request[OPTIONS-None]' when='teardown' outcome='passed'>
          pytest_report_teststatus [hook]
              report: <TestReport 'sidecar_http_dispatcher/test_app.py::test_pass_request[OPTIONS-None]' when='teardown' outcome='passed'>
              config: <_pytest.config.Config object at 0x7f71b557ded0>
          finish pytest_report_teststatus --> ('', '', '') [hook]
        finish pytest_runtest_logreport --> [] [hook]
        pytest_runtest_logfinish [hook]
            nodeid: sidecar_http_dispatcher/test_app.py::test_pass_request[OPTIONS-None]
            location: ('sidecar_http_dispatcher/test_app.py', 53, 'test_pass_request[OPTIONS-None]')
        finish pytest_runtest_logfinish --> [] [hook]
      finish pytest_runtest_protocol --> True [hook]
      pytest_runtest_protocol [hook]
          item: <Function test_read_config>
          nextitem: <Function test_config_object>
        pytest_runtest_logstart [hook]
            nodeid: sidecar_http_dispatcher/test_app.py::test_read_config
            location: ('sidecar_http_dispatcher/test_app.py', 72, 'test_read_config')
        finish pytest_runtest_logstart --> [] [hook]
        pytest_runtest_setup [hook]
            item: <Function test_read_config>
        finish pytest_runtest_setup --> [] [hook]
        pytest_runtest_makereport [hook]
            item: <Function test_read_config>
            call: <CallInfo when='setup' result: []>
        finish pytest_runtest_makereport --> <TestReport 'sidecar_http_dispatcher/test_app.py::test_read_config' when='setup' outcome='passed'> [hook]
        pytest_runtest_logreport [hook]
            report: <TestReport 'sidecar_http_dispatcher/test_app.py::test_read_config' when='setup' outcome='passed'>
          pytest_report_teststatus [hook]
              report: <TestReport 'sidecar_http_dispatcher/test_app.py::test_read_config' when='setup' outcome='passed'>
              config: <_pytest.config.Config object at 0x7f71b557ded0>
          finish pytest_report_teststatus --> ('', '', '') [hook]
        finish pytest_runtest_logreport --> [] [hook]
        pytest_runtest_call [hook]
            item: <Function test_read_config>
          pytest_pyfunc_call [hook]
              pyfuncitem: <Function test_read_config>
          finish pytest_pyfunc_call --> True [hook]
        finish pytest_runtest_call --> [] [hook]
        pytest_runtest_makereport [hook]
            item: <Function test_read_config>
            call: <CallInfo when='call' result: []>
        finish pytest_runtest_makereport --> <TestReport 'sidecar_http_dispatcher/test_app.py::test_read_config' when='call' outcome='passed'> [hook]
        pytest_runtest_logreport [hook]
            report: <TestReport 'sidecar_http_dispatcher/test_app.py::test_read_config' when='call' outcome='passed'>
          pytest_report_teststatus [hook]
              report: <TestReport 'sidecar_http_dispatcher/test_app.py::test_read_config' when='call' outcome='passed'>
              config: <_pytest.config.Config object at 0x7f71b557ded0>
          finish pytest_report_teststatus --> ('passed', '.', 'PASSED') [hook]
        finish pytest_runtest_logreport --> [] [hook]
        pytest_runtest_teardown [hook]
            item: <Function test_read_config>
            nextitem: <Function test_config_object>
        finish pytest_runtest_teardown --> [] [hook]
        pytest_runtest_makereport [hook]
            item: <Function test_read_config>
            call: <CallInfo when='teardown' result: []>
        finish pytest_runtest_makereport --> <TestReport 'sidecar_http_dispatcher/test_app.py::test_read_config' when='teardown' outcome='passed'> [hook]
        pytest_runtest_logreport [hook]
            report: <TestReport 'sidecar_http_dispatcher/test_app.py::test_read_config' when='teardown' outcome='passed'>
          pytest_report_teststatus [hook]
              report: <TestReport 'sidecar_http_dispatcher/test_app.py::test_read_config' when='teardown' outcome='passed'>
              config: <_pytest.config.Config object at 0x7f71b557ded0>
          finish pytest_report_teststatus --> ('', '', '') [hook]
        finish pytest_runtest_logreport --> [] [hook]
        pytest_runtest_logfinish [hook]
            nodeid: sidecar_http_dispatcher/test_app.py::test_read_config
            location: ('sidecar_http_dispatcher/test_app.py', 72, 'test_read_config')
        finish pytest_runtest_logfinish --> [] [hook]
      finish pytest_runtest_protocol --> True [hook]
      pytest_runtest_protocol [hook]
          item: <Function test_config_object>
          nextitem: None
        pytest_runtest_logstart [hook]
            nodeid: sidecar_http_dispatcher/test_app.py::test_config_object
            location: ('sidecar_http_dispatcher/test_app.py', 78, 'test_config_object')
        finish pytest_runtest_logstart --> [] [hook]
        pytest_runtest_setup [hook]
            item: <Function test_config_object>
        finish pytest_runtest_setup --> [] [hook]
        pytest_runtest_makereport [hook]
            item: <Function test_config_object>
            call: <CallInfo when='setup' result: []>
        finish pytest_runtest_makereport --> <TestReport 'sidecar_http_dispatcher/test_app.py::test_config_object' when='setup' outcome='passed'> [hook]
        pytest_runtest_logreport [hook]
            report: <TestReport 'sidecar_http_dispatcher/test_app.py::test_config_object' when='setup' outcome='passed'>
          pytest_report_teststatus [hook]
              report: <TestReport 'sidecar_http_dispatcher/test_app.py::test_config_object' when='setup' outcome='passed'>
              config: <_pytest.config.Config object at 0x7f71b557ded0>
          finish pytest_report_teststatus --> ('', '', '') [hook]
        finish pytest_runtest_logreport --> [] [hook]
        pytest_runtest_call [hook]
            item: <Function test_config_object>
          pytest_pyfunc_call [hook]
              pyfuncitem: <Function test_config_object>
          finish pytest_pyfunc_call --> True [hook]
        finish pytest_runtest_call --> [] [hook]
        pytest_runtest_makereport [hook]
            item: <Function test_config_object>
            call: <CallInfo when='call' result: []>
        finish pytest_runtest_makereport --> <TestReport 'sidecar_http_dispatcher/test_app.py::test_config_object' when='call' outcome='passed'> [hook]
        pytest_runtest_logreport [hook]
            report: <TestReport 'sidecar_http_dispatcher/test_app.py::test_config_object' when='call' outcome='passed'>
          pytest_report_teststatus [hook]
              report: <TestReport 'sidecar_http_dispatcher/test_app.py::test_config_object' when='call' outcome='passed'>
              config: <_pytest.config.Config object at 0x7f71b557ded0>
          finish pytest_report_teststatus --> ('passed', '.', 'PASSED') [hook]
        finish pytest_runtest_logreport --> [] [hook]
        pytest_runtest_teardown [hook]
            item: <Function test_config_object>
            nextitem: None
        finish pytest_runtest_teardown --> [] [hook]
        pytest_runtest_makereport [hook]
            item: <Function test_config_object>
            call: <CallInfo when='teardown' result: []>
        finish pytest_runtest_makereport --> <TestReport 'sidecar_http_dispatcher/test_app.py::test_config_object' when='teardown' outcome='passed'> [hook]
        pytest_runtest_logreport [hook]
            report: <TestReport 'sidecar_http_dispatcher/test_app.py::test_config_object' when='teardown' outcome='passed'>
          pytest_report_teststatus [hook]
              report: <TestReport 'sidecar_http_dispatcher/test_app.py::test_config_object' when='teardown' outcome='passed'>
              config: <_pytest.config.Config object at 0x7f71b557ded0>
          finish pytest_report_teststatus --> ('', '', '') [hook]
        finish pytest_runtest_logreport --> [] [hook]
        pytest_runtest_logfinish [hook]
            nodeid: sidecar_http_dispatcher/test_app.py::test_config_object
            location: ('sidecar_http_dispatcher/test_app.py', 78, 'test_config_object')
        finish pytest_runtest_logfinish --> [] [hook]
      finish pytest_runtest_protocol --> True [hook]
    finish pytest_runtestloop --> True [hook]
    pytest_sessionfinish [hook]
        session: <Session sidecar_http_dispatcher exitstatus=0 testsfailed=0 testscollected=8>
        exitstatus: 0
      pytest_terminal_summary [hook]
          terminalreporter: <_pytest.terminal.TerminalReporter object at 0x7f71b4583e50>
          exitstatus: 0
          config: <_pytest.config.Config object at 0x7f71b557ded0>
      finish pytest_terminal_summary --> [] [hook]
    finish pytest_sessionfinish --> [] [hook]
    pytest_unconfigure [hook]
        config: <_pytest.config.Config object at 0x7f71b557ded0>
    finish pytest_unconfigure --> [] [hook]
